0:0:0:0:0:0:0:1 - - [24/May/2016:21:07:08 +0200] "GET / HTTP/1.1" 200 88
0:0:0:0:0:0:0:1 - - [24/May/2016:21:07:08 +0200] "GET /users HTTP/1.1" 500 443
0:0:0:0:0:0:0:1 - - [24/May/2016:21:08:22 +0200] "GET /users HTTP/1.1" 200 971
0:0:0:0:0:0:0:1 - - [24/May/2016:21:08:22 +0200] "GET /css/main.css HTTP/1.1" 200 88
0:0:0:0:0:0:0:1 - - [24/May/2016:21:08:22 +0200] "GET /css/bootstrap.min.css HTTP/1.1" 200 121260
0:0:0:0:0:0:0:1 - - [24/May/2016:21:18:49 +0200] "GET /users HTTP/1.1" 500 374
0:0:0:0:0:0:0:1 - - [24/May/2016:21:18:49 +0200] "GET /favicon.ico HTTP/1.1" 200 946
0:0:0:0:0:0:0:1 - - [24/May/2016:21:19:56 +0200] "GET /users HTTP/1.1" 500 374
0:0:0:0:0:0:0:1 - - [24/May/2016:21:21:05 +0200] "GET /users HTTP/1.1" 500 373
0:0:0:0:0:0:0:1 - - [24/May/2016:21:22:46 +0200] "GET /users HTTP/1.1" 200 1137
0:0:0:0:0:0:0:1 - - [24/May/2016:21:22:46 +0200] "GET /css/main.css HTTP/1.1" 200 88
0:0:0:0:0:0:0:1 - - [24/May/2016:21:22:46 +0200] "GET /css/bootstrap.min.css HTTP/1.1" 200 121260
0:0:0:0:0:0:0:1 - - [24/May/2016:21:24:46 +0200] "GET /users HTTP/1.1" 500 374
0:0:0:0:0:0:0:1 - - [24/May/2016:21:25:55 +0200] "GET /users HTTP/1.1" 200 1071
0:0:0:0:0:0:0:1 - - [24/May/2016:21:25:55 +0200] "GET /css/main.css HTTP/1.1" 200 88
0:0:0:0:0:0:0:1 - - [24/May/2016:21:25:55 +0200] "GET /css/bootstrap.min.css HTTP/1.1" 200 121260
0:0:0:0:0:0:0:1 - - [24/May/2016:21:26:46 +0200] "GET /users HTTP/1.1" 200 1158
0:0:0:0:0:0:0:1 - - [24/May/2016:21:26:47 +0200] "GET /css/main.css HTTP/1.1" 200 88
0:0:0:0:0:0:0:1 - - [24/May/2016:21:26:47 +0200] "GET /css/bootstrap.min.css HTTP/1.1" 200 121260
0:0:0:0:0:0:0:1 - - [24/May/2016:21:27:00 +0200] "GET /users/1/games HTTP/1.1" 404 307
0:0:0:0:0:0:0:1 - - [24/May/2016:21:27:03 +0200] "GET /css/bootstrap.min.css HTTP/1.1" 200 121260
0:0:0:0:0:0:0:1 - - [24/May/2016:22:11:33 +0200] "GET /users HTTP/1.1" 200 1224
0:0:0:0:0:0:0:1 - - [24/May/2016:22:11:33 +0200] "GET /css/main.css HTTP/1.1" 200 88
0:0:0:0:0:0:0:1 - - [24/May/2016:22:11:33 +0200] "GET /css/bootstrap.min.css HTTP/1.1" 200 121260
0:0:0:0:0:0:0:1 - - [24/May/2016:22:13:13 +0200] "GET /users HTTP/1.1" 200 1176
127.0.0.1 - - [24/May/2016:22:13:13 +0200] "GET /css/main.css HTTP/1.1" 200 88
0:0:0:0:0:0:0:1 - - [24/May/2016:22:13:13 +0200] "GET /css/bootstrap.min.css HTTP/1.1" 200 121260
0:0:0:0:0:0:0:1 - - [24/May/2016:22:13:15 +0200] "GET /users/1/predictions HTTP/1.1" 500 326
0:0:0:0:0:0:0:1 - - [24/May/2016:22:15:09 +0200] "GET /users HTTP/1.1" 200 1176
0:0:0:0:0:0:0:1 - - [24/May/2016:22:15:09 +0200] "GET /css/main.css HTTP/1.1" 200 88
0:0:0:0:0:0:0:1 - - [24/May/2016:22:15:09 +0200] "GET /css/bootstrap.min.css HTTP/1.1" 200 121260
0:0:0:0:0:0:0:1 - - [24/May/2016:22:25:41 +0200] "GET /users HTTP/1.1" 200 1176
0:0:0:0:0:0:0:1 - - [24/May/2016:22:25:41 +0200] "GET /css/bootstrap.min.css HTTP/1.1" 200 121260
0:0:0:0:0:0:0:1 - - [24/May/2016:22:25:41 +0200] "GET /css/main.css HTTP/1.1" 200 88
0:0:0:0:0:0:0:1 - - [24/May/2016:22:25:43 +0200] "GET /users/1/predictions HTTP/1.1" 500 326
0:0:0:0:0:0:0:1 - - [24/May/2016:22:27:57 +0200] "GET /users HTTP/1.1" 200 1176
0:0:0:0:0:0:0:1 - - [24/May/2016:22:27:57 +0200] "GET /css/bootstrap.min.css HTTP/1.1" 200 121260
0:0:0:0:0:0:0:1 - - [24/May/2016:22:27:57 +0200] "GET /css/main.css HTTP/1.1" 200 88
0:0:0:0:0:0:0:1 - - [24/May/2016:22:37:32 +0200] "GET /users HTTP/1.1" 200 1176
0:0:0:0:0:0:0:1 - - [24/May/2016:22:37:32 +0200] "GET /css/bootstrap.min.css HTTP/1.1" 200 121260
0:0:0:0:0:0:0:1 - - [24/May/2016:22:37:32 +0200] "GET /css/main.css HTTP/1.1" 200 88
0:0:0:0:0:0:0:1 - - [24/May/2016:22:39:53 +0200] "GET /users HTTP/1.1" 200 1176
127.0.0.1 - - [24/May/2016:22:39:53 +0200] "GET /css/main.css HTTP/1.1" 200 88
0:0:0:0:0:0:0:1 - - [24/May/2016:22:39:53 +0200] "GET /css/bootstrap.min.css HTTP/1.1" 200 121260
