0:0:0:0:0:0:0:1 - - [25/May/2016:00:30:32 +0200] "GET /users/ HTTP/1.1" 200 1258
0:0:0:0:0:0:0:1 - - [25/May/2016:00:30:33 +0200] "GET /css/main.css HTTP/1.1" 200 88
0:0:0:0:0:0:0:1 - - [25/May/2016:00:30:33 +0200] "GET /css/bootstrap.min.css HTTP/1.1" 200 121260
0:0:0:0:0:0:0:1 - - [25/May/2016:00:30:37 +0200] "GET /users/1/predictions HTTP/1.1" 200 1003
0:0:0:0:0:0:0:1 - - [25/May/2016:00:30:37 +0200] "GET /css/main.css HTTP/1.1" 200 88
0:0:0:0:0:0:0:1 - - [25/May/2016:00:30:37 +0200] "GET /css/bootstrap.min.css HTTP/1.1" 200 121260
0:0:0:0:0:0:0:1 - - [25/May/2016:00:30:39 +0200] "GET /users/1/games HTTP/1.1" 404 307
0:0:0:0:0:0:0:1 - - [25/May/2016:00:31:35 +0200] "GET /games HTTP/1.1" 500 373
0:0:0:0:0:0:0:1 - - [25/May/2016:00:34:51 +0200] "GET /games HTTP/1.1" 500 410
0:0:0:0:0:0:0:1 - - [25/May/2016:00:41:16 +0200] "GET /games HTTP/1.1" 500 410
0:0:0:0:0:0:0:1 - - [25/May/2016:00:54:25 +0200] "GET /games HTTP/1.1" 500 410
0:0:0:0:0:0:0:1 - - [25/May/2016:00:59:35 +0200] "GET / HTTP/1.1" 200 88
0:0:0:0:0:0:0:1 - - [25/May/2016:00:59:36 +0200] "GET /users HTTP/1.1" 200 1258
0:0:0:0:0:0:0:1 - - [25/May/2016:00:59:36 +0200] "GET /css/main.css HTTP/1.1" 200 88
0:0:0:0:0:0:0:1 - - [25/May/2016:00:59:36 +0200] "GET /css/bootstrap.min.css HTTP/1.1" 200 121260
0:0:0:0:0:0:0:1 - - [25/May/2016:00:59:37 +0200] "GET /games HTTP/1.1" 500 410
0:0:0:0:0:0:0:1 - - [25/May/2016:01:05:57 +0200] "GET /games HTTP/1.1" 500 421
0:0:0:0:0:0:0:1 - - [25/May/2016:01:06:36 +0200] "GET /games HTTP/1.1" 500 413
0:0:0:0:0:0:0:1 - - [25/May/2016:15:24:46 +0200] "GET / HTTP/1.1" 200 88
0:0:0:0:0:0:0:1 - - [25/May/2016:15:24:47 +0200] "GET /favicon.ico HTTP/1.1" 200 946
0:0:0:0:0:0:0:1 - - [25/May/2016:15:24:47 +0200] "GET /users HTTP/1.1" 200 1258
0:0:0:0:0:0:0:1 - - [25/May/2016:15:24:47 +0200] "GET /css/main.css HTTP/1.1" 200 88
0:0:0:0:0:0:0:1 - - [25/May/2016:15:24:47 +0200] "GET /css/bootstrap.min.css HTTP/1.1" 200 121260
0:0:0:0:0:0:0:1 - - [25/May/2016:15:24:50 +0200] "GET /users/1/predictions HTTP/1.1" 200 1003
0:0:0:0:0:0:0:1 - - [25/May/2016:15:24:50 +0200] "GET /css/main.css HTTP/1.1" 200 88
0:0:0:0:0:0:0:1 - - [25/May/2016:15:24:50 +0200] "GET /css/bootstrap.min.css HTTP/1.1" 200 121260
0:0:0:0:0:0:0:1 - - [25/May/2016:15:24:52 +0200] "GET /users/1/games HTTP/1.1" 404 307
0:0:0:0:0:0:0:1 - - [25/May/2016:15:33:12 +0200] "GET / HTTP/1.1" 200 88
0:0:0:0:0:0:0:1 - - [25/May/2016:15:33:13 +0200] "GET /users HTTP/1.1" 200 1258
0:0:0:0:0:0:0:1 - - [25/May/2016:15:33:13 +0200] "GET /css/main.css HTTP/1.1" 200 88
0:0:0:0:0:0:0:1 - - [25/May/2016:15:33:13 +0200] "GET /css/bootstrap.min.css HTTP/1.1" 200 121260
0:0:0:0:0:0:0:1 - - [25/May/2016:15:33:15 +0200] "GET /games HTTP/1.1" 500 413
0:0:0:0:0:0:0:1 - - [25/May/2016:15:44:43 +0200] "GET /games HTTP/1.1" 500 413
0:0:0:0:0:0:0:1 - - [25/May/2016:15:46:25 +0200] "GET /games HTTP/1.1" 200 1232
0:0:0:0:0:0:0:1 - - [25/May/2016:15:46:25 +0200] "GET /css/main.css HTTP/1.1" 200 88
0:0:0:0:0:0:0:1 - - [25/May/2016:15:46:25 +0200] "GET /css/bootstrap.min.css HTTP/1.1" 200 121260
0:0:0:0:0:0:0:1 - - [25/May/2016:15:46:42 +0200] "GET /teams HTTP/1.1" 200 1181
0:0:0:0:0:0:0:1 - - [25/May/2016:15:46:42 +0200] "GET /css/main.css HTTP/1.1" 200 88
0:0:0:0:0:0:0:1 - - [25/May/2016:15:46:42 +0200] "GET /css/bootstrap.min.css HTTP/1.1" 200 121260
0:0:0:0:0:0:0:1 - - [25/May/2016:15:46:59 +0200] "GET / HTTP/1.1" 200 88
0:0:0:0:0:0:0:1 - - [25/May/2016:15:46:59 +0200] "GET /users HTTP/1.1" 200 1258
0:0:0:0:0:0:0:1 - - [25/May/2016:15:46:59 +0200] "GET /css/main.css HTTP/1.1" 200 88
0:0:0:0:0:0:0:1 - - [25/May/2016:15:46:59 +0200] "GET /css/bootstrap.min.css HTTP/1.1" 200 121260
0:0:0:0:0:0:0:1 - - [25/May/2016:15:47:01 +0200] "GET /users/1/predictions HTTP/1.1" 200 1003
0:0:0:0:0:0:0:1 - - [25/May/2016:15:47:01 +0200] "GET /css/bootstrap.min.css HTTP/1.1" 200 121260
0:0:0:0:0:0:0:1 - - [25/May/2016:15:47:01 +0200] "GET /css/main.css HTTP/1.1" 200 88
0:0:0:0:0:0:0:1 - - [25/May/2016:15:47:03 +0200] "GET /users/1/games HTTP/1.1" 404 307
0:0:0:0:0:0:0:1 - - [25/May/2016:15:47:12 +0200] "GET /users/1/teams HTTP/1.1" 404 307
0:0:0:0:0:0:0:1 - - [25/May/2016:15:48:41 +0200] "GET / HTTP/1.1" 200 88
0:0:0:0:0:0:0:1 - - [25/May/2016:15:48:42 +0200] "GET /users HTTP/1.1" 200 1258
0:0:0:0:0:0:0:1 - - [25/May/2016:15:48:42 +0200] "GET /css/bootstrap.min.css HTTP/1.1" 200 121260
0:0:0:0:0:0:0:1 - - [25/May/2016:15:48:42 +0200] "GET /css/main.css HTTP/1.1" 200 88
0:0:0:0:0:0:0:1 - - [25/May/2016:15:48:44 +0200] "GET /users/1/predictions HTTP/1.1" 200 1003
0:0:0:0:0:0:0:1 - - [25/May/2016:15:48:45 +0200] "GET /css/main.css HTTP/1.1" 200 88
0:0:0:0:0:0:0:1 - - [25/May/2016:15:48:45 +0200] "GET /css/bootstrap.min.css HTTP/1.1" 200 121260
0:0:0:0:0:0:0:1 - - [25/May/2016:15:48:46 +0200] "GET /users/1/teams HTTP/1.1" 404 307
0:0:0:0:0:0:0:1 - - [25/May/2016:15:49:00 +0200] "GET / HTTP/1.1" 200 88
0:0:0:0:0:0:0:1 - - [25/May/2016:15:49:00 +0200] "GET /users HTTP/1.1" 200 1258
0:0:0:0:0:0:0:1 - - [25/May/2016:15:49:00 +0200] "GET /css/main.css HTTP/1.1" 200 88
0:0:0:0:0:0:0:1 - - [25/May/2016:15:49:00 +0200] "GET /css/bootstrap.min.css HTTP/1.1" 200 121260
0:0:0:0:0:0:0:1 - - [25/May/2016:15:49:01 +0200] "GET /teams HTTP/1.1" 200 1181
0:0:0:0:0:0:0:1 - - [25/May/2016:15:49:01 +0200] "GET /css/bootstrap.min.css HTTP/1.1" 200 121260
0:0:0:0:0:0:0:1 - - [25/May/2016:15:49:02 +0200] "GET /css/main.css HTTP/1.1" 200 88
0:0:0:0:0:0:0:1 - - [25/May/2016:15:49:04 +0200] "GET /users/1/predictions HTTP/1.1" 200 1003
0:0:0:0:0:0:0:1 - - [25/May/2016:15:49:04 +0200] "GET /css/main.css HTTP/1.1" 200 88
0:0:0:0:0:0:0:1 - - [25/May/2016:15:49:04 +0200] "GET /css/bootstrap.min.css HTTP/1.1" 200 121260
0:0:0:0:0:0:0:1 - - [25/May/2016:15:49:05 +0200] "GET /users/1/teams HTTP/1.1" 404 307
0:0:0:0:0:0:0:1 - - [25/May/2016:15:49:33 +0200] "GET / HTTP/1.1" 200 88
0:0:0:0:0:0:0:1 - - [25/May/2016:15:49:33 +0200] "GET /users HTTP/1.1" 200 1258
0:0:0:0:0:0:0:1 - - [25/May/2016:15:49:33 +0200] "GET /css/bootstrap.min.css HTTP/1.1" 200 121260
0:0:0:0:0:0:0:1 - - [25/May/2016:15:49:33 +0200] "GET /css/main.css HTTP/1.1" 200 88
0:0:0:0:0:0:0:1 - - [25/May/2016:15:49:34 +0200] "GET /teams HTTP/1.1" 200 1181
0:0:0:0:0:0:0:1 - - [25/May/2016:15:49:35 +0200] "GET /css/main.css HTTP/1.1" 200 88
0:0:0:0:0:0:0:1 - - [25/May/2016:15:49:35 +0200] "GET /css/bootstrap.min.css HTTP/1.1" 200 121260
0:0:0:0:0:0:0:1 - - [25/May/2016:15:49:39 +0200] "GET /users/1/predictions HTTP/1.1" 200 1003
0:0:0:0:0:0:0:1 - - [25/May/2016:15:49:39 +0200] "GET /css/main.css HTTP/1.1" 200 88
0:0:0:0:0:0:0:1 - - [25/May/2016:15:49:39 +0200] "GET /css/bootstrap.min.css HTTP/1.1" 200 121260
0:0:0:0:0:0:0:1 - - [25/May/2016:15:49:40 +0200] "GET /users/1/teams HTTP/1.1" 404 307
0:0:0:0:0:0:0:1 - - [25/May/2016:15:50:54 +0200] "GET / HTTP/1.1" 200 88
0:0:0:0:0:0:0:1 - - [25/May/2016:15:50:55 +0200] "GET /users HTTP/1.1" 200 1258
0:0:0:0:0:0:0:1 - - [25/May/2016:15:50:55 +0200] "GET /css/bootstrap.min.css HTTP/1.1" 200 121260
0:0:0:0:0:0:0:1 - - [25/May/2016:15:50:55 +0200] "GET /css/main.css HTTP/1.1" 200 88
0:0:0:0:0:0:0:1 - - [25/May/2016:15:50:58 +0200] "GET /teams HTTP/1.1" 200 1181
0:0:0:0:0:0:0:1 - - [25/May/2016:15:50:58 +0200] "GET /css/main.css HTTP/1.1" 200 88
0:0:0:0:0:0:0:1 - - [25/May/2016:15:50:58 +0200] "GET /css/bootstrap.min.css HTTP/1.1" 200 121260
0:0:0:0:0:0:0:1 - - [25/May/2016:15:51:00 +0200] "GET /css/bootstrap.min.css HTTP/1.1" 200 121260
0:0:0:0:0:0:0:1 - - [25/May/2016:15:51:02 +0200] "GET /users/1/predictions HTTP/1.1" 200 1003
0:0:0:0:0:0:0:1 - - [25/May/2016:15:51:02 +0200] "GET /css/bootstrap.min.css HTTP/1.1" 200 121260
0:0:0:0:0:0:0:1 - - [25/May/2016:15:51:02 +0200] "GET /css/main.css HTTP/1.1" 200 88
0:0:0:0:0:0:0:1 - - [25/May/2016:15:51:03 +0200] "GET /users/1/teams HTTP/1.1" 404 307
0:0:0:0:0:0:0:1 - - [25/May/2016:15:53:39 +0200] "GET / HTTP/1.1" 200 88
0:0:0:0:0:0:0:1 - - [25/May/2016:15:53:40 +0200] "GET /users HTTP/1.1" 500 363
0:0:0:0:0:0:0:1 - - [25/May/2016:15:55:33 +0200] "GET /users HTTP/1.1" 200 1260
0:0:0:0:0:0:0:1 - - [25/May/2016:15:55:34 +0200] "GET /css/main.css HTTP/1.1" 200 88
0:0:0:0:0:0:0:1 - - [25/May/2016:15:55:34 +0200] "GET /css/bootstrap.min.css HTTP/1.1" 200 121260
0:0:0:0:0:0:0:1 - - [25/May/2016:15:55:35 +0200] "GET /users/1/predictions HTTP/1.1" 200 1005
0:0:0:0:0:0:0:1 - - [25/May/2016:15:55:35 +0200] "GET /css/main.css HTTP/1.1" 200 88
0:0:0:0:0:0:0:1 - - [25/May/2016:15:55:35 +0200] "GET /css/bootstrap.min.css HTTP/1.1" 200 121260
0:0:0:0:0:0:0:1 - - [25/May/2016:15:55:36 +0200] "GET /teams HTTP/1.1" 200 1183
0:0:0:0:0:0:0:1 - - [25/May/2016:15:55:36 +0200] "GET /css/main.css HTTP/1.1" 200 88
0:0:0:0:0:0:0:1 - - [25/May/2016:15:55:36 +0200] "GET /css/bootstrap.min.css HTTP/1.1" 200 121260
0:0:0:0:0:0:0:1 - - [25/May/2016:15:55:39 +0200] "GET /games HTTP/1.1" 200 1234
0:0:0:0:0:0:0:1 - - [25/May/2016:15:55:39 +0200] "GET /css/main.css HTTP/1.1" 200 88
0:0:0:0:0:0:0:1 - - [25/May/2016:15:55:39 +0200] "GET /css/bootstrap.min.css HTTP/1.1" 200 121260
0:0:0:0:0:0:0:1 - - [25/May/2016:15:55:40 +0200] "GET /teams HTTP/1.1" 200 1183
0:0:0:0:0:0:0:1 - - [25/May/2016:15:55:40 +0200] "GET /css/bootstrap.min.css HTTP/1.1" 200 121260
0:0:0:0:0:0:0:1 - - [25/May/2016:15:55:40 +0200] "GET /css/main.css HTTP/1.1" 200 88
0:0:0:0:0:0:0:1 - - [25/May/2016:15:56:51 +0200] "GET / HTTP/1.1" 200 88
0:0:0:0:0:0:0:1 - - [25/May/2016:15:56:52 +0200] "GET /users HTTP/1.1" 200 1342
0:0:0:0:0:0:0:1 - - [25/May/2016:15:56:52 +0200] "GET /css/bootstrap.min.css HTTP/1.1" 200 121260
0:0:0:0:0:0:0:1 - - [25/May/2016:15:56:52 +0200] "GET /css/main.css HTTP/1.1" 200 88
0:0:0:0:0:0:0:1 - - [25/May/2016:15:56:55 +0200] "GET /users/1/predictions HTTP/1.1" 200 1087
0:0:0:0:0:0:0:1 - - [25/May/2016:15:56:55 +0200] "GET /css/main.css HTTP/1.1" 200 88
0:0:0:0:0:0:0:1 - - [25/May/2016:15:56:55 +0200] "GET /css/bootstrap.min.css HTTP/1.1" 200 121260
0:0:0:0:0:0:0:1 - - [25/May/2016:15:56:56 +0200] "GET /users HTTP/1.1" 200 1342
0:0:0:0:0:0:0:1 - - [25/May/2016:15:56:56 +0200] "GET /css/main.css HTTP/1.1" 200 88
0:0:0:0:0:0:0:1 - - [25/May/2016:15:56:56 +0200] "GET /css/bootstrap.min.css HTTP/1.1" 200 121260
0:0:0:0:0:0:0:1 - - [25/May/2016:15:56:58 +0200] "GET /teams HTTP/1.1" 200 1265
0:0:0:0:0:0:0:1 - - [25/May/2016:15:56:58 +0200] "GET /css/main.css HTTP/1.1" 200 88
0:0:0:0:0:0:0:1 - - [25/May/2016:15:56:58 +0200] "GET /css/bootstrap.min.css HTTP/1.1" 200 121260
0:0:0:0:0:0:0:1 - - [25/May/2016:15:56:59 +0200] "GET /users HTTP/1.1" 200 1342
0:0:0:0:0:0:0:1 - - [25/May/2016:15:56:59 +0200] "GET /css/main.css HTTP/1.1" 200 88
0:0:0:0:0:0:0:1 - - [25/May/2016:15:56:59 +0200] "GET /css/bootstrap.min.css HTTP/1.1" 200 121260
0:0:0:0:0:0:0:1 - - [25/May/2016:15:57:00 +0200] "GET /users/1/predictions HTTP/1.1" 200 1087
0:0:0:0:0:0:0:1 - - [25/May/2016:15:57:00 +0200] "GET /css/main.css HTTP/1.1" 200 88
0:0:0:0:0:0:0:1 - - [25/May/2016:15:57:00 +0200] "GET /css/bootstrap.min.css HTTP/1.1" 200 121260
0:0:0:0:0:0:0:1 - - [25/May/2016:15:57:03 +0200] "GET /games HTTP/1.1" 200 1316
0:0:0:0:0:0:0:1 - - [25/May/2016:15:57:03 +0200] "GET /css/main.css HTTP/1.1" 200 88
0:0:0:0:0:0:0:1 - - [25/May/2016:15:57:03 +0200] "GET /css/bootstrap.min.css HTTP/1.1" 200 121260
0:0:0:0:0:0:0:1 - - [25/May/2016:15:59:47 +0200] "GET / HTTP/1.1" 200 88
0:0:0:0:0:0:0:1 - - [25/May/2016:15:59:47 +0200] "GET /users HTTP/1.1" 200 1356
0:0:0:0:0:0:0:1 - - [25/May/2016:15:59:47 +0200] "GET /css/main.css HTTP/1.1" 200 88
0:0:0:0:0:0:0:1 - - [25/May/2016:15:59:47 +0200] "GET /css/bootstrap.min.css HTTP/1.1" 200 121260
0:0:0:0:0:0:0:1 - - [25/May/2016:15:59:49 +0200] "GET /users HTTP/1.1" 200 1356
0:0:0:0:0:0:0:1 - - [25/May/2016:15:59:49 +0200] "GET /css/bootstrap.min.css HTTP/1.1" 200 121260
0:0:0:0:0:0:0:1 - - [25/May/2016:15:59:49 +0200] "GET /css/main.css HTTP/1.1" 200 88
0:0:0:0:0:0:0:1 - - [25/May/2016:15:59:51 +0200] "GET /teams HTTP/1.1" 200 1279
0:0:0:0:0:0:0:1 - - [25/May/2016:15:59:51 +0200] "GET /css/main.css HTTP/1.1" 200 88
0:0:0:0:0:0:0:1 - - [25/May/2016:15:59:51 +0200] "GET /css/bootstrap.min.css HTTP/1.1" 200 121260
0:0:0:0:0:0:0:1 - - [25/May/2016:15:59:51 +0200] "GET /users HTTP/1.1" 200 1356
0:0:0:0:0:0:0:1 - - [25/May/2016:15:59:52 +0200] "GET /css/bootstrap.min.css HTTP/1.1" 200 121260
0:0:0:0:0:0:0:1 - - [25/May/2016:15:59:52 +0200] "GET /css/main.css HTTP/1.1" 200 88
0:0:0:0:0:0:0:1 - - [25/May/2016:15:59:53 +0200] "GET /users/1/predictions HTTP/1.1" 200 1101
0:0:0:0:0:0:0:1 - - [25/May/2016:15:59:53 +0200] "GET /css/bootstrap.min.css HTTP/1.1" 200 121260
0:0:0:0:0:0:0:1 - - [25/May/2016:15:59:53 +0200] "GET /css/main.css HTTP/1.1" 200 88
0:0:0:0:0:0:0:1 - - [25/May/2016:15:59:54 +0200] "GET /users HTTP/1.1" 200 1356
0:0:0:0:0:0:0:1 - - [25/May/2016:15:59:54 +0200] "GET /css/main.css HTTP/1.1" 200 88
0:0:0:0:0:0:0:1 - - [25/May/2016:15:59:54 +0200] "GET /css/bootstrap.min.css HTTP/1.1" 200 121260
0:0:0:0:0:0:0:1 - - [25/May/2016:16:15:46 +0200] "GET / HTTP/1.1" 200 88
0:0:0:0:0:0:0:1 - - [25/May/2016:16:15:46 +0200] "GET /users HTTP/1.1" 200 1329
0:0:0:0:0:0:0:1 - - [25/May/2016:16:15:46 +0200] "GET /css/main.css HTTP/1.1" 200 88
0:0:0:0:0:0:0:1 - - [25/May/2016:16:15:46 +0200] "GET /css/bootstrap.min.css HTTP/1.1" 200 121260
0:0:0:0:0:0:0:1 - - [25/May/2016:16:15:49 +0200] "GET /games HTTP/1.1" 500 353
0:0:0:0:0:0:0:1 - - [25/May/2016:16:18:34 +0200] "GET / HTTP/1.1" 200 88
0:0:0:0:0:0:0:1 - - [25/May/2016:16:18:35 +0200] "GET /users HTTP/1.1" 200 1329
0:0:0:0:0:0:0:1 - - [25/May/2016:16:18:35 +0200] "GET /css/main.css HTTP/1.1" 200 88
0:0:0:0:0:0:0:1 - - [25/May/2016:16:18:35 +0200] "GET /css/bootstrap.min.css HTTP/1.1" 200 121260
0:0:0:0:0:0:0:1 - - [25/May/2016:16:18:37 +0200] "GET /users/1/predictions HTTP/1.1" 200 1074
0:0:0:0:0:0:0:1 - - [25/May/2016:16:18:37 +0200] "GET /css/main.css HTTP/1.1" 200 88
0:0:0:0:0:0:0:1 - - [25/May/2016:16:18:37 +0200] "GET /css/bootstrap.min.css HTTP/1.1" 200 121260
0:0:0:0:0:0:0:1 - - [25/May/2016:16:18:38 +0200] "GET /games HTTP/1.1" 500 388
0:0:0:0:0:0:0:1 - - [25/May/2016:16:25:48 +0200] "GET / HTTP/1.1" 200 88
0:0:0:0:0:0:0:1 - - [25/May/2016:16:25:48 +0200] "GET /users HTTP/1.1" 200 1329
0:0:0:0:0:0:0:1 - - [25/May/2016:16:25:49 +0200] "GET /css/main.css HTTP/1.1" 200 88
0:0:0:0:0:0:0:1 - - [25/May/2016:16:25:49 +0200] "GET /css/bootstrap.min.css HTTP/1.1" 200 121260
0:0:0:0:0:0:0:1 - - [25/May/2016:16:25:50 +0200] "GET /users/1/predictions HTTP/1.1" 200 1074
0:0:0:0:0:0:0:1 - - [25/May/2016:16:25:50 +0200] "GET /css/main.css HTTP/1.1" 200 88
0:0:0:0:0:0:0:1 - - [25/May/2016:16:25:50 +0200] "GET /css/bootstrap.min.css HTTP/1.1" 200 121260
0:0:0:0:0:0:0:1 - - [25/May/2016:16:25:53 +0200] "GET /games HTTP/1.1" 500 367
0:0:0:0:0:0:0:1 - - [25/May/2016:16:27:37 +0200] "GET / HTTP/1.1" 200 88
0:0:0:0:0:0:0:1 - - [25/May/2016:16:27:38 +0200] "GET /users HTTP/1.1" 200 1329
0:0:0:0:0:0:0:1 - - [25/May/2016:16:27:38 +0200] "GET /css/bootstrap.min.css HTTP/1.1" 200 121260
0:0:0:0:0:0:0:1 - - [25/May/2016:16:27:38 +0200] "GET /css/main.css HTTP/1.1" 200 88
0:0:0:0:0:0:0:1 - - [25/May/2016:16:27:39 +0200] "GET /games HTTP/1.1" 500 400
0:0:0:0:0:0:0:1 - - [25/May/2016:16:28:17 +0200] "GET / HTTP/1.1" 200 88
0:0:0:0:0:0:0:1 - - [25/May/2016:16:28:17 +0200] "GET /users HTTP/1.1" 200 1329
0:0:0:0:0:0:0:1 - - [25/May/2016:16:28:17 +0200] "GET /css/main.css HTTP/1.1" 200 88
0:0:0:0:0:0:0:1 - - [25/May/2016:16:28:17 +0200] "GET /css/bootstrap.min.css HTTP/1.1" 200 121260
0:0:0:0:0:0:0:1 - - [25/May/2016:16:28:19 +0200] "GET /games HTTP/1.1" 200 2081
0:0:0:0:0:0:0:1 - - [25/May/2016:16:28:19 +0200] "GET /css/bootstrap.min.css HTTP/1.1" 200 121260
0:0:0:0:0:0:0:1 - - [25/May/2016:16:28:19 +0200] "GET /css/main.css HTTP/1.1" 200 88
0:0:0:0:0:0:0:1 - - [25/May/2016:16:28:23 +0200] "GET /games/new? HTTP/1.1" 200 1169
0:0:0:0:0:0:0:1 - - [25/May/2016:16:28:24 +0200] "GET /css/main.css HTTP/1.1" 200 88
0:0:0:0:0:0:0:1 - - [25/May/2016:16:28:24 +0200] "GET /css/bootstrap.min.css HTTP/1.1" 200 121260
0:0:0:0:0:0:0:1 - - [25/May/2016:16:28:33 +0200] "GET /games/new? HTTP/1.1" 200 1169
0:0:0:0:0:0:0:1 - - [25/May/2016:16:28:34 +0200] "GET /css/main.css HTTP/1.1" 200 88
0:0:0:0:0:0:0:1 - - [25/May/2016:16:28:34 +0200] "GET /css/bootstrap.min.css HTTP/1.1" 200 121260
0:0:0:0:0:0:0:1 - - [25/May/2016:16:29:41 +0200] "GET /games/new? HTTP/1.1" 200 1158
0:0:0:0:0:0:0:1 - - [25/May/2016:16:29:42 +0200] "GET /css/main.css HTTP/1.1" 200 88
0:0:0:0:0:0:0:1 - - [25/May/2016:16:29:42 +0200] "GET /css/bootstrap.min.css HTTP/1.1" 200 121260
0:0:0:0:0:0:0:1 - - [25/May/2016:16:29:44 +0200] "GET /games/new? HTTP/1.1" 200 1158
0:0:0:0:0:0:0:1 - - [25/May/2016:16:29:44 +0200] "GET /css/main.css HTTP/1.1" 200 88
0:0:0:0:0:0:0:1 - - [25/May/2016:16:29:44 +0200] "GET /css/bootstrap.min.css HTTP/1.1" 200 121260
0:0:0:0:0:0:0:1 - - [25/May/2016:16:29:45 +0200] "GET /games/new? HTTP/1.1" 200 1158
0:0:0:0:0:0:0:1 - - [25/May/2016:16:29:45 +0200] "GET /css/main.css HTTP/1.1" 200 88
0:0:0:0:0:0:0:1 - - [25/May/2016:16:29:45 +0200] "GET /css/bootstrap.min.css HTTP/1.1" 200 121260
0:0:0:0:0:0:0:1 - - [25/May/2016:16:29:46 +0200] "GET /games/new? HTTP/1.1" 200 1158
0:0:0:0:0:0:0:1 - - [25/May/2016:16:29:46 +0200] "GET /css/bootstrap.min.css HTTP/1.1" 200 121260
0:0:0:0:0:0:0:1 - - [25/May/2016:16:29:46 +0200] "GET /css/main.css HTTP/1.1" 200 88
0:0:0:0:0:0:0:1 - - [25/May/2016:16:42:31 +0200] "GET /users HTTP/1.1" 200 1336
0:0:0:0:0:0:0:1 - - [25/May/2016:16:42:31 +0200] "GET /css/main.css HTTP/1.1" 200 88
0:0:0:0:0:0:0:1 - - [25/May/2016:16:42:31 +0200] "GET /css/bootstrap.min.css HTTP/1.1" 200 121260
0:0:0:0:0:0:0:1 - - [25/May/2016:16:42:33 +0200] "GET /users/1/predictions HTTP/1.1" 200 1081
0:0:0:0:0:0:0:1 - - [25/May/2016:16:42:33 +0200] "GET /css/main.css HTTP/1.1" 200 88
0:0:0:0:0:0:0:1 - - [25/May/2016:16:42:33 +0200] "GET /css/bootstrap.min.css HTTP/1.1" 200 121260
0:0:0:0:0:0:0:1 - - [25/May/2016:16:42:35 +0200] "GET /users/games.html HTTP/1.1" 404 307
0:0:0:0:0:0:0:1 - - [25/May/2016:16:42:50 +0200] "GET /users HTTP/1.1" 200 1336
0:0:0:0:0:0:0:1 - - [25/May/2016:16:42:51 +0200] "GET /css/main.css HTTP/1.1" 200 88
0:0:0:0:0:0:0:1 - - [25/May/2016:16:42:51 +0200] "GET /css/bootstrap.min.css HTTP/1.1" 200 121260
0:0:0:0:0:0:0:1 - - [25/May/2016:16:42:54 +0200] "GET /users/1/predictions HTTP/1.1" 200 1081
0:0:0:0:0:0:0:1 - - [25/May/2016:16:42:54 +0200] "GET /css/main.css HTTP/1.1" 200 88
0:0:0:0:0:0:0:1 - - [25/May/2016:16:42:54 +0200] "GET /css/bootstrap.min.css HTTP/1.1" 200 121260
0:0:0:0:0:0:0:1 - - [25/May/2016:16:43:20 +0200] "GET /users/games.html HTTP/1.1" 404 307
0:0:0:0:0:0:0:1 - - [25/May/2016:16:49:25 +0200] "GET / HTTP/1.1" 200 88
0:0:0:0:0:0:0:1 - - [25/May/2016:16:49:25 +0200] "GET /users HTTP/1.1" 200 1308
0:0:0:0:0:0:0:1 - - [25/May/2016:16:49:25 +0200] "GET /css/main.css HTTP/1.1" 200 88
0:0:0:0:0:0:0:1 - - [25/May/2016:16:49:25 +0200] "GET /css/bootstrap.min.css HTTP/1.1" 200 121260
0:0:0:0:0:0:0:1 - - [25/May/2016:16:49:27 +0200] "GET /1/predictions HTTP/1.1" 200 1074
0:0:0:0:0:0:0:1 - - [25/May/2016:16:49:27 +0200] "GET /css/bootstrap.min.css HTTP/1.1" 200 121260
0:0:0:0:0:0:0:1 - - [25/May/2016:16:49:27 +0200] "GET /css/main.css HTTP/1.1" 200 88
0:0:0:0:0:0:0:1 - - [25/May/2016:16:49:30 +0200] "GET /games HTTP/1.1" 500 400
0:0:0:0:0:0:0:1 - - [25/May/2016:16:57:59 +0200] "GET / HTTP/1.1" 200 88
0:0:0:0:0:0:0:1 - - [25/May/2016:16:58:00 +0200] "GET /users HTTP/1.1" 200 1308
0:0:0:0:0:0:0:1 - - [25/May/2016:16:58:00 +0200] "GET /css/main.css HTTP/1.1" 200 88
0:0:0:0:0:0:0:1 - - [25/May/2016:16:58:00 +0200] "GET /css/bootstrap.min.css HTTP/1.1" 200 121260
0:0:0:0:0:0:0:1 - - [25/May/2016:16:58:02 +0200] "GET /1/predictions HTTP/1.1" 200 1074
0:0:0:0:0:0:0:1 - - [25/May/2016:16:58:02 +0200] "GET /css/main.css HTTP/1.1" 200 88
0:0:0:0:0:0:0:1 - - [25/May/2016:16:58:02 +0200] "GET /css/bootstrap.min.css HTTP/1.1" 200 121260
0:0:0:0:0:0:0:1 - - [25/May/2016:16:58:03 +0200] "GET /games HTTP/1.1" 500 373
0:0:0:0:0:0:0:1 - - [25/May/2016:16:59:23 +0200] "GET / HTTP/1.1" 200 88
0:0:0:0:0:0:0:1 - - [25/May/2016:16:59:23 +0200] "GET /users HTTP/1.1" 200 1308
0:0:0:0:0:0:0:1 - - [25/May/2016:16:59:23 +0200] "GET /css/main.css HTTP/1.1" 200 88
0:0:0:0:0:0:0:1 - - [25/May/2016:16:59:23 +0200] "GET /css/bootstrap.min.css HTTP/1.1" 200 121260
0:0:0:0:0:0:0:1 - - [25/May/2016:16:59:26 +0200] "GET /1/predictions HTTP/1.1" 200 1074
0:0:0:0:0:0:0:1 - - [25/May/2016:16:59:26 +0200] "GET /css/main.css HTTP/1.1" 200 88
0:0:0:0:0:0:0:1 - - [25/May/2016:16:59:26 +0200] "GET /css/bootstrap.min.css HTTP/1.1" 200 121260
0:0:0:0:0:0:0:1 - - [25/May/2016:16:59:27 +0200] "GET /games HTTP/1.1" 500 373
0:0:0:0:0:0:0:1 - - [25/May/2016:17:00:23 +0200] "GET / HTTP/1.1" 200 88
0:0:0:0:0:0:0:1 - - [25/May/2016:17:00:23 +0200] "GET /users HTTP/1.1" 200 1308
0:0:0:0:0:0:0:1 - - [25/May/2016:17:00:23 +0200] "GET /css/bootstrap.min.css HTTP/1.1" 200 121260
0:0:0:0:0:0:0:1 - - [25/May/2016:17:00:23 +0200] "GET /css/main.css HTTP/1.1" 200 88
0:0:0:0:0:0:0:1 - - [25/May/2016:17:00:25 +0200] "GET /1/predictions HTTP/1.1" 200 1074
0:0:0:0:0:0:0:1 - - [25/May/2016:17:00:25 +0200] "GET /css/main.css HTTP/1.1" 200 88
0:0:0:0:0:0:0:1 - - [25/May/2016:17:00:25 +0200] "GET /css/bootstrap.min.css HTTP/1.1" 200 121260
0:0:0:0:0:0:0:1 - - [25/May/2016:17:00:26 +0200] "GET /games HTTP/1.1" 200 1760
0:0:0:0:0:0:0:1 - - [25/May/2016:17:00:26 +0200] "GET /css/main.css HTTP/1.1" 200 88
0:0:0:0:0:0:0:1 - - [25/May/2016:17:00:26 +0200] "GET /css/bootstrap.min.css HTTP/1.1" 200 121260
0:0:0:0:0:0:0:1 - - [25/May/2016:17:00:33 +0200] "GET /1/edit HTTP/1.1" 200 1158
0:0:0:0:0:0:0:1 - - [25/May/2016:17:00:33 +0200] "GET /css/main.css HTTP/1.1" 200 88
0:0:0:0:0:0:0:1 - - [25/May/2016:17:00:33 +0200] "GET /css/bootstrap.min.css HTTP/1.1" 200 121260
0:0:0:0:0:0:0:1 - - [25/May/2016:17:00:34 +0200] "GET /css/bootstrap.min.css HTTP/1.1" 200 121260
0:0:0:0:0:0:0:1 - - [25/May/2016:17:00:35 +0200] "GET /1/play HTTP/1.1" 200 1158
0:0:0:0:0:0:0:1 - - [25/May/2016:17:00:35 +0200] "GET /css/main.css HTTP/1.1" 200 88
0:0:0:0:0:0:0:1 - - [25/May/2016:17:00:35 +0200] "GET /css/bootstrap.min.css HTTP/1.1" 200 121260
0:0:0:0:0:0:0:1 - - [25/May/2016:17:00:36 +0200] "GET /css/bootstrap.min.css HTTP/1.1" 200 121260
0:0:0:0:0:0:0:1 - - [25/May/2016:17:00:37 +0200] "GET /1/edit HTTP/1.1" 200 1158
0:0:0:0:0:0:0:1 - - [25/May/2016:17:00:37 +0200] "GET /css/main.css HTTP/1.1" 200 88
0:0:0:0:0:0:0:1 - - [25/May/2016:17:00:37 +0200] "GET /css/bootstrap.min.css HTTP/1.1" 200 121260
0:0:0:0:0:0:0:1 - - [25/May/2016:17:00:38 +0200] "GET /css/bootstrap.min.css HTTP/1.1" 200 121260
0:0:0:0:0:0:0:1 - - [25/May/2016:17:00:39 +0200] "GET /games/new? HTTP/1.1" 200 1158
0:0:0:0:0:0:0:1 - - [25/May/2016:17:00:39 +0200] "GET /css/bootstrap.min.css HTTP/1.1" 200 121260
0:0:0:0:0:0:0:1 - - [25/May/2016:17:00:39 +0200] "GET /css/main.css HTTP/1.1" 200 88
0:0:0:0:0:0:0:1 - - [25/May/2016:17:00:40 +0200] "GET /css/bootstrap.min.css HTTP/1.1" 200 121260
0:0:0:0:0:0:0:1 - - [25/May/2016:17:12:30 +0200] "GET /games HTTP/1.1" 200 1757
0:0:0:0:0:0:0:1 - - [25/May/2016:17:12:30 +0200] "GET /css/main.css HTTP/1.1" 200 88
0:0:0:0:0:0:0:1 - - [25/May/2016:17:12:30 +0200] "GET /css/bootstrap.min.css HTTP/1.1" 200 121260
0:0:0:0:0:0:0:1 - - [25/May/2016:17:12:32 +0200] "GET /games/new? HTTP/1.1" 200 1158
0:0:0:0:0:0:0:1 - - [25/May/2016:17:12:32 +0200] "GET /css/main.css HTTP/1.1" 200 88
0:0:0:0:0:0:0:1 - - [25/May/2016:17:12:32 +0200] "GET /css/bootstrap.min.css HTTP/1.1" 200 121260
0:0:0:0:0:0:0:1 - - [25/May/2016:17:12:34 +0200] "GET /css/bootstrap.min.css HTTP/1.1" 200 121260
0:0:0:0:0:0:0:1 - - [25/May/2016:17:12:34 +0200] "GET /css/main.css HTTP/1.1" 200 88
0:0:0:0:0:0:0:1 - - [25/May/2016:17:12:37 +0200] "GET /1/edit HTTP/1.1" 200 1158
0:0:0:0:0:0:0:1 - - [25/May/2016:17:12:37 +0200] "GET /css/main.css HTTP/1.1" 200 88
0:0:0:0:0:0:0:1 - - [25/May/2016:17:12:37 +0200] "GET /css/bootstrap.min.css HTTP/1.1" 200 121260
0:0:0:0:0:0:0:1 - - [25/May/2016:17:12:40 +0200] "GET /1/play HTTP/1.1" 200 1158
0:0:0:0:0:0:0:1 - - [25/May/2016:17:12:40 +0200] "GET /css/bootstrap.min.css HTTP/1.1" 200 121260
0:0:0:0:0:0:0:1 - - [25/May/2016:17:12:40 +0200] "GET /css/main.css HTTP/1.1" 200 88
0:0:0:0:0:0:0:1 - - [25/May/2016:17:12:45 +0200] "GET /users HTTP/1.1" 200 1308
0:0:0:0:0:0:0:1 - - [25/May/2016:17:12:46 +0200] "GET /css/main.css HTTP/1.1" 200 88
0:0:0:0:0:0:0:1 - - [25/May/2016:17:12:46 +0200] "GET /css/bootstrap.min.css HTTP/1.1" 200 121260
0:0:0:0:0:0:0:1 - - [25/May/2016:17:12:47 +0200] "GET /1/predictions HTTP/1.1" 200 1074
0:0:0:0:0:0:0:1 - - [25/May/2016:17:12:47 +0200] "GET /css/main.css HTTP/1.1" 200 88
0:0:0:0:0:0:0:1 - - [25/May/2016:17:12:47 +0200] "GET /css/bootstrap.min.css HTTP/1.1" 200 121260
0:0:0:0:0:0:0:1 - - [25/May/2016:17:12:50 +0200] "GET /users HTTP/1.1" 200 1308
0:0:0:0:0:0:0:1 - - [25/May/2016:17:12:50 +0200] "GET /css/bootstrap.min.css HTTP/1.1" 200 121260
0:0:0:0:0:0:0:1 - - [25/May/2016:17:12:50 +0200] "GET /css/main.css HTTP/1.1" 200 88
0:0:0:0:0:0:0:1 - - [25/May/2016:17:12:52 +0200] "GET /games HTTP/1.1" 200 1757
0:0:0:0:0:0:0:1 - - [25/May/2016:17:12:52 +0200] "GET /css/main.css HTTP/1.1" 200 88
0:0:0:0:0:0:0:1 - - [25/May/2016:17:12:52 +0200] "GET /css/bootstrap.min.css HTTP/1.1" 200 121260
0:0:0:0:0:0:0:1 - - [25/May/2016:17:12:57 +0200] "GET /users HTTP/1.1" 200 1308
0:0:0:0:0:0:0:1 - - [25/May/2016:17:12:57 +0200] "GET /css/main.css HTTP/1.1" 200 88
0:0:0:0:0:0:0:1 - - [25/May/2016:17:12:57 +0200] "GET /css/bootstrap.min.css HTTP/1.1" 200 121260
0:0:0:0:0:0:0:1 - - [25/May/2016:17:12:59 +0200] "GET /1/predictions HTTP/1.1" 200 1074
0:0:0:0:0:0:0:1 - - [25/May/2016:17:12:59 +0200] "GET /css/main.css HTTP/1.1" 200 88
0:0:0:0:0:0:0:1 - - [25/May/2016:17:12:59 +0200] "GET /css/bootstrap.min.css HTTP/1.1" 200 121260
0:0:0:0:0:0:0:1 - - [25/May/2016:17:13:07 +0200] "GET /games HTTP/1.1" 200 1757
0:0:0:0:0:0:0:1 - - [25/May/2016:17:13:07 +0200] "GET /css/bootstrap.min.css HTTP/1.1" 200 121260
0:0:0:0:0:0:0:1 - - [25/May/2016:17:13:07 +0200] "GET /css/main.css HTTP/1.1" 200 88
0:0:0:0:0:0:0:1 - - [25/May/2016:17:13:14 +0200] "GET /users HTTP/1.1" 200 1308
0:0:0:0:0:0:0:1 - - [25/May/2016:17:13:14 +0200] "GET /css/bootstrap.min.css HTTP/1.1" 200 121260
0:0:0:0:0:0:0:1 - - [25/May/2016:17:13:14 +0200] "GET /css/main.css HTTP/1.1" 200 88
0:0:0:0:0:0:0:1 - - [25/May/2016:17:13:15 +0200] "GET /games HTTP/1.1" 200 1757
0:0:0:0:0:0:0:1 - - [25/May/2016:17:13:15 +0200] "GET /css/main.css HTTP/1.1" 200 88
0:0:0:0:0:0:0:1 - - [25/May/2016:17:13:15 +0200] "GET /css/bootstrap.min.css HTTP/1.1" 200 121260
0:0:0:0:0:0:0:1 - - [25/May/2016:17:13:16 +0200] "GET /users HTTP/1.1" 200 1308
0:0:0:0:0:0:0:1 - - [25/May/2016:17:13:16 +0200] "GET /css/main.css HTTP/1.1" 200 88
0:0:0:0:0:0:0:1 - - [25/May/2016:17:13:16 +0200] "GET /css/bootstrap.min.css HTTP/1.1" 200 121260
0:0:0:0:0:0:0:1 - - [25/May/2016:17:13:17 +0200] "GET /games HTTP/1.1" 200 1757
0:0:0:0:0:0:0:1 - - [25/May/2016:17:13:17 +0200] "GET /css/main.css HTTP/1.1" 200 88
0:0:0:0:0:0:0:1 - - [25/May/2016:17:13:17 +0200] "GET /css/bootstrap.min.css HTTP/1.1" 200 121260
0:0:0:0:0:0:0:1 - - [25/May/2016:17:13:18 +0200] "GET /users HTTP/1.1" 200 1308
0:0:0:0:0:0:0:1 - - [25/May/2016:17:13:18 +0200] "GET /css/main.css HTTP/1.1" 200 88
0:0:0:0:0:0:0:1 - - [25/May/2016:17:13:18 +0200] "GET /css/bootstrap.min.css HTTP/1.1" 200 121260
0:0:0:0:0:0:0:1 - - [25/May/2016:17:13:20 +0200] "GET /1/predictions HTTP/1.1" 200 1074
0:0:0:0:0:0:0:1 - - [25/May/2016:17:13:20 +0200] "GET /css/main.css HTTP/1.1" 200 88
0:0:0:0:0:0:0:1 - - [25/May/2016:17:13:20 +0200] "GET /css/bootstrap.min.css HTTP/1.1" 200 121260
0:0:0:0:0:0:0:1 - - [25/May/2016:17:13:21 +0200] "GET /games HTTP/1.1" 200 1757
0:0:0:0:0:0:0:1 - - [25/May/2016:17:13:21 +0200] "GET /css/main.css HTTP/1.1" 200 88
0:0:0:0:0:0:0:1 - - [25/May/2016:17:13:21 +0200] "GET /css/bootstrap.min.css HTTP/1.1" 200 121260
0:0:0:0:0:0:0:1 - - [25/May/2016:17:19:01 +0200] "GET / HTTP/1.1" 200 88
0:0:0:0:0:0:0:1 - - [25/May/2016:17:19:02 +0200] "GET /users HTTP/1.1" 200 1311
0:0:0:0:0:0:0:1 - - [25/May/2016:17:19:02 +0200] "GET /css/main.css HTTP/1.1" 200 88
0:0:0:0:0:0:0:1 - - [25/May/2016:17:19:02 +0200] "GET /css/bootstrap.min.css HTTP/1.1" 200 121260
0:0:0:0:0:0:0:1 - - [25/May/2016:17:19:03 +0200] "GET /1/predictions HTTP/1.1" 200 1074
0:0:0:0:0:0:0:1 - - [25/May/2016:17:19:03 +0200] "GET /css/main.css HTTP/1.1" 200 88
0:0:0:0:0:0:0:1 - - [25/May/2016:17:19:03 +0200] "GET /css/bootstrap.min.css HTTP/1.1" 200 121260
0:0:0:0:0:0:0:1 - - [25/May/2016:17:19:05 +0200] "GET /games HTTP/1.1" 200 1757
0:0:0:0:0:0:0:1 - - [25/May/2016:17:19:05 +0200] "GET /css/bootstrap.min.css HTTP/1.1" 200 121260
0:0:0:0:0:0:0:1 - - [25/May/2016:17:19:06 +0200] "GET /css/main.css HTTP/1.1" 200 88
0:0:0:0:0:0:0:1 - - [25/May/2016:17:19:09 +0200] "GET /games/new? HTTP/1.1" 200 1158
0:0:0:0:0:0:0:1 - - [25/May/2016:17:19:09 +0200] "GET /css/bootstrap.min.css HTTP/1.1" 200 121260
0:0:0:0:0:0:0:1 - - [25/May/2016:17:19:09 +0200] "GET /css/main.css HTTP/1.1" 200 88
0:0:0:0:0:0:0:1 - - [25/May/2016:17:19:12 +0200] "GET /1/edit HTTP/1.1" 200 1158
0:0:0:0:0:0:0:1 - - [25/May/2016:17:19:12 +0200] "GET /css/bootstrap.min.css HTTP/1.1" 200 121260
0:0:0:0:0:0:0:1 - - [25/May/2016:17:19:12 +0200] "GET /css/main.css HTTP/1.1" 200 88
0:0:0:0:0:0:0:1 - - [25/May/2016:17:19:15 +0200] "GET /games/new? HTTP/1.1" 200 1158
0:0:0:0:0:0:0:1 - - [25/May/2016:17:19:15 +0200] "GET /css/bootstrap.min.css HTTP/1.1" 200 121260
0:0:0:0:0:0:0:1 - - [25/May/2016:17:19:16 +0200] "GET /css/main.css HTTP/1.1" 200 88
0:0:0:0:0:0:0:1 - - [25/May/2016:17:31:32 +0200] "GET / HTTP/1.1" 200 88
0:0:0:0:0:0:0:1 - - [25/May/2016:17:31:33 +0200] "GET /users HTTP/1.1" 200 1311
0:0:0:0:0:0:0:1 - - [25/May/2016:17:31:33 +0200] "GET /css/main.css HTTP/1.1" 200 88
0:0:0:0:0:0:0:1 - - [25/May/2016:17:31:33 +0200] "GET /css/bootstrap.min.css HTTP/1.1" 200 121260
0:0:0:0:0:0:0:1 - - [25/May/2016:17:31:34 +0200] "GET /games HTTP/1.1" 200 1757
0:0:0:0:0:0:0:1 - - [25/May/2016:17:31:34 +0200] "GET /css/main.css HTTP/1.1" 200 88
0:0:0:0:0:0:0:1 - - [25/May/2016:17:31:34 +0200] "GET /css/bootstrap.min.css HTTP/1.1" 200 121260
0:0:0:0:0:0:0:1 - - [25/May/2016:17:31:35 +0200] "GET /games/new? HTTP/1.1" 500 434
0:0:0:0:0:0:0:1 - - [25/May/2016:17:32:51 +0200] "GET / HTTP/1.1" 200 88
0:0:0:0:0:0:0:1 - - [25/May/2016:17:32:51 +0200] "GET /users HTTP/1.1" 200 1311
0:0:0:0:0:0:0:1 - - [25/May/2016:17:32:51 +0200] "GET /css/bootstrap.min.css HTTP/1.1" 200 121260
0:0:0:0:0:0:0:1 - - [25/May/2016:17:32:51 +0200] "GET /css/main.css HTTP/1.1" 200 88
0:0:0:0:0:0:0:1 - - [25/May/2016:17:32:53 +0200] "GET /games HTTP/1.1" 200 1757
0:0:0:0:0:0:0:1 - - [25/May/2016:17:32:53 +0200] "GET /css/main.css HTTP/1.1" 200 88
0:0:0:0:0:0:0:1 - - [25/May/2016:17:32:53 +0200] "GET /css/bootstrap.min.css HTTP/1.1" 200 121260
0:0:0:0:0:0:0:1 - - [25/May/2016:17:32:56 +0200] "GET /games/new? HTTP/1.1" 500 434
0:0:0:0:0:0:0:1 - - [25/May/2016:17:34:20 +0200] "GET / HTTP/1.1" 200 88
0:0:0:0:0:0:0:1 - - [25/May/2016:17:34:20 +0200] "GET /users HTTP/1.1" 200 1311
0:0:0:0:0:0:0:1 - - [25/May/2016:17:34:20 +0200] "GET /css/bootstrap.min.css HTTP/1.1" 200 121260
0:0:0:0:0:0:0:1 - - [25/May/2016:17:34:20 +0200] "GET /css/main.css HTTP/1.1" 200 88
0:0:0:0:0:0:0:1 - - [25/May/2016:17:34:21 +0200] "GET /games HTTP/1.1" 200 1757
0:0:0:0:0:0:0:1 - - [25/May/2016:17:34:21 +0200] "GET /css/main.css HTTP/1.1" 200 88
0:0:0:0:0:0:0:1 - - [25/May/2016:17:34:21 +0200] "GET /css/bootstrap.min.css HTTP/1.1" 200 121260
0:0:0:0:0:0:0:1 - - [25/May/2016:17:34:23 +0200] "GET /games/new? HTTP/1.1" 500 434
0:0:0:0:0:0:0:1 - - [25/May/2016:17:35:07 +0200] "GET / HTTP/1.1" 200 88
0:0:0:0:0:0:0:1 - - [25/May/2016:17:35:08 +0200] "GET /users HTTP/1.1" 200 1311
0:0:0:0:0:0:0:1 - - [25/May/2016:17:35:08 +0200] "GET /css/bootstrap.min.css HTTP/1.1" 200 121260
0:0:0:0:0:0:0:1 - - [25/May/2016:17:35:08 +0200] "GET /css/main.css HTTP/1.1" 200 88
0:0:0:0:0:0:0:1 - - [25/May/2016:17:35:10 +0200] "GET /games HTTP/1.1" 200 1757
0:0:0:0:0:0:0:1 - - [25/May/2016:17:35:10 +0200] "GET /css/bootstrap.min.css HTTP/1.1" 200 121260
0:0:0:0:0:0:0:1 - - [25/May/2016:17:35:10 +0200] "GET /css/main.css HTTP/1.1" 200 88
0:0:0:0:0:0:0:1 - - [25/May/2016:17:35:11 +0200] "GET /games/new? HTTP/1.1" 500 434
0:0:0:0:0:0:0:1 - - [25/May/2016:19:42:00 +0200] "GET / HTTP/1.1" 200 88
0:0:0:0:0:0:0:1 - - [25/May/2016:19:42:01 +0200] "GET /users HTTP/1.1" 200 1311
0:0:0:0:0:0:0:1 - - [25/May/2016:19:42:02 +0200] "GET /css/main.css HTTP/1.1" 200 88
0:0:0:0:0:0:0:1 - - [25/May/2016:19:42:02 +0200] "GET /css/bootstrap.min.css HTTP/1.1" 200 121260
0:0:0:0:0:0:0:1 - - [25/May/2016:19:42:04 +0200] "GET /1/predictions HTTP/1.1" 200 1074
0:0:0:0:0:0:0:1 - - [25/May/2016:19:42:04 +0200] "GET /css/bootstrap.min.css HTTP/1.1" 200 121260
0:0:0:0:0:0:0:1 - - [25/May/2016:19:42:04 +0200] "GET /css/main.css HTTP/1.1" 200 88
0:0:0:0:0:0:0:1 - - [25/May/2016:19:42:05 +0200] "GET /games HTTP/1.1" 200 1757
0:0:0:0:0:0:0:1 - - [25/May/2016:19:42:06 +0200] "GET /css/main.css HTTP/1.1" 200 88
0:0:0:0:0:0:0:1 - - [25/May/2016:19:42:06 +0200] "GET /css/bootstrap.min.css HTTP/1.1" 200 121260
0:0:0:0:0:0:0:1 - - [25/May/2016:19:42:08 +0200] "GET /1/edit HTTP/1.1" 200 1158
0:0:0:0:0:0:0:1 - - [25/May/2016:19:42:08 +0200] "GET /css/bootstrap.min.css HTTP/1.1" 200 121260
0:0:0:0:0:0:0:1 - - [25/May/2016:19:42:08 +0200] "GET /css/main.css HTTP/1.1" 200 88
0:0:0:0:0:0:0:1 - - [25/May/2016:19:42:10 +0200] "GET /1/play HTTP/1.1" 200 1158
0:0:0:0:0:0:0:1 - - [25/May/2016:19:42:10 +0200] "GET /css/main.css HTTP/1.1" 200 88
0:0:0:0:0:0:0:1 - - [25/May/2016:19:42:10 +0200] "GET /css/bootstrap.min.css HTTP/1.1" 200 121260
0:0:0:0:0:0:0:1 - - [25/May/2016:19:42:11 +0200] "GET /games/new? HTTP/1.1" 405 338
0:0:0:0:0:0:0:1 - - [25/May/2016:19:55:15 +0200] "GET / HTTP/1.1" 200 88
0:0:0:0:0:0:0:1 - - [25/May/2016:19:55:16 +0200] "GET /users HTTP/1.1" 200 1311
0:0:0:0:0:0:0:1 - - [25/May/2016:19:55:16 +0200] "GET /css/main.css HTTP/1.1" 200 88
0:0:0:0:0:0:0:1 - - [25/May/2016:19:55:16 +0200] "GET /css/bootstrap.min.css HTTP/1.1" 200 121260
0:0:0:0:0:0:0:1 - - [25/May/2016:19:55:17 +0200] "GET /games HTTP/1.1" 200 1757
0:0:0:0:0:0:0:1 - - [25/May/2016:19:55:17 +0200] "GET /css/main.css HTTP/1.1" 200 88
0:0:0:0:0:0:0:1 - - [25/May/2016:19:55:17 +0200] "GET /css/bootstrap.min.css HTTP/1.1" 200 121260
0:0:0:0:0:0:0:1 - - [25/May/2016:19:55:19 +0200] "GET /games/new? HTTP/1.1" 500 428
0:0:0:0:0:0:0:1 - - [25/May/2016:20:00:49 +0200] "GET / HTTP/1.1" 200 88
0:0:0:0:0:0:0:1 - - [25/May/2016:20:00:50 +0200] "GET /users HTTP/1.1" 200 1311
0:0:0:0:0:0:0:1 - - [25/May/2016:20:00:50 +0200] "GET /css/main.css HTTP/1.1" 200 88
0:0:0:0:0:0:0:1 - - [25/May/2016:20:00:50 +0200] "GET /css/bootstrap.min.css HTTP/1.1" 200 121260
0:0:0:0:0:0:0:1 - - [25/May/2016:20:00:52 +0200] "GET /games HTTP/1.1" 200 1757
0:0:0:0:0:0:0:1 - - [25/May/2016:20:00:52 +0200] "GET /css/main.css HTTP/1.1" 200 88
0:0:0:0:0:0:0:1 - - [25/May/2016:20:00:52 +0200] "GET /css/bootstrap.min.css HTTP/1.1" 200 121260
0:0:0:0:0:0:0:1 - - [25/May/2016:20:00:53 +0200] "GET /games/new? HTTP/1.1" 500 319
0:0:0:0:0:0:0:1 - - [25/May/2016:20:02:07 +0200] "GET / HTTP/1.1" 200 88
0:0:0:0:0:0:0:1 - - [25/May/2016:20:02:08 +0200] "GET /users HTTP/1.1" 200 1311
0:0:0:0:0:0:0:1 - - [25/May/2016:20:02:09 +0200] "GET /css/bootstrap.min.css HTTP/1.1" 200 121260
0:0:0:0:0:0:0:1 - - [25/May/2016:20:02:09 +0200] "GET /css/main.css HTTP/1.1" 200 88
0:0:0:0:0:0:0:1 - - [25/May/2016:20:02:09 +0200] "GET /games HTTP/1.1" 200 1757
0:0:0:0:0:0:0:1 - - [25/May/2016:20:02:10 +0200] "GET /css/main.css HTTP/1.1" 200 88
0:0:0:0:0:0:0:1 - - [25/May/2016:20:02:10 +0200] "GET /css/bootstrap.min.css HTTP/1.1" 200 121260
0:0:0:0:0:0:0:1 - - [25/May/2016:20:02:11 +0200] "GET /games/new? HTTP/1.1" 500 428
0:0:0:0:0:0:0:1 - - [25/May/2016:20:04:17 +0200] "GET / HTTP/1.1" 200 88
0:0:0:0:0:0:0:1 - - [25/May/2016:20:04:18 +0200] "GET /users HTTP/1.1" 200 1311
0:0:0:0:0:0:0:1 - - [25/May/2016:20:04:18 +0200] "GET /css/main.css HTTP/1.1" 200 88
0:0:0:0:0:0:0:1 - - [25/May/2016:20:04:19 +0200] "GET /css/bootstrap.min.css HTTP/1.1" 200 121260
0:0:0:0:0:0:0:1 - - [25/May/2016:20:04:20 +0200] "GET /games HTTP/1.1" 200 1757
0:0:0:0:0:0:0:1 - - [25/May/2016:20:04:21 +0200] "GET /css/main.css HTTP/1.1" 200 88
0:0:0:0:0:0:0:1 - - [25/May/2016:20:04:21 +0200] "GET /css/bootstrap.min.css HTTP/1.1" 200 121260
0:0:0:0:0:0:0:1 - - [25/May/2016:20:04:21 +0200] "GET /games/new? HTTP/1.1" 500 428
0:0:0:0:0:0:0:1 - - [25/May/2016:20:08:19 +0200] "GET /games HTTP/1.1" 200 1757
0:0:0:0:0:0:0:1 - - [25/May/2016:20:08:20 +0200] "GET /css/main.css HTTP/1.1" 200 88
0:0:0:0:0:0:0:1 - - [25/May/2016:20:08:20 +0200] "GET /css/bootstrap.min.css HTTP/1.1" 200 121260
0:0:0:0:0:0:0:1 - - [25/May/2016:20:08:21 +0200] "GET /games/new? HTTP/1.1" 500 428
0:0:0:0:0:0:0:1 - - [25/May/2016:20:13:22 +0200] "GET /games/new? HTTP/1.1" 200 1481
0:0:0:0:0:0:0:1 - - [25/May/2016:20:13:22 +0200] "GET /css/main.css HTTP/1.1" 200 88
0:0:0:0:0:0:0:1 - - [25/May/2016:20:13:22 +0200] "GET /css/bootstrap.min.css HTTP/1.1" 200 121260
0:0:0:0:0:0:0:1 - - [25/May/2016:20:15:11 +0200] "GET /games HTTP/1.1" 200 1757
0:0:0:0:0:0:0:1 - - [25/May/2016:20:15:11 +0200] "GET /css/main.css HTTP/1.1" 200 88
0:0:0:0:0:0:0:1 - - [25/May/2016:20:15:11 +0200] "GET /css/bootstrap.min.css HTTP/1.1" 200 121260
0:0:0:0:0:0:0:1 - - [25/May/2016:20:15:12 +0200] "GET /games/new? HTTP/1.1" 200 1481
0:0:0:0:0:0:0:1 - - [25/May/2016:20:15:12 +0200] "GET /css/bootstrap.min.css HTTP/1.1" 200 121260
0:0:0:0:0:0:0:1 - - [25/May/2016:20:15:12 +0200] "GET /css/main.css HTTP/1.1" 200 88
0:0:0:0:0:0:0:1 - - [25/May/2016:20:17:13 +0200] "GET /games HTTP/1.1" 200 1757
127.0.0.1 - - [25/May/2016:20:17:13 +0200] "GET /css/main.css HTTP/1.1" 200 88
0:0:0:0:0:0:0:1 - - [25/May/2016:20:17:13 +0200] "GET /css/bootstrap.min.css HTTP/1.1" 200 121260
0:0:0:0:0:0:0:1 - - [25/May/2016:20:17:15 +0200] "GET /games/new? HTTP/1.1" 200 1481
127.0.0.1 - - [25/May/2016:20:17:15 +0200] "GET /css/main.css HTTP/1.1" 200 88
0:0:0:0:0:0:0:1 - - [25/May/2016:20:17:15 +0200] "GET /css/bootstrap.min.css HTTP/1.1" 200 121260
0:0:0:0:0:0:0:1 - - [25/May/2016:20:17:23 +0200] "GET /users HTTP/1.1" 200 1311
127.0.0.1 - - [25/May/2016:20:17:24 +0200] "GET /css/main.css HTTP/1.1" 200 88
0:0:0:0:0:0:0:1 - - [25/May/2016:20:17:24 +0200] "GET /css/bootstrap.min.css HTTP/1.1" 200 121260
0:0:0:0:0:0:0:1 - - [25/May/2016:20:17:25 +0200] "GET /1/predictions HTTP/1.1" 200 1074
127.0.0.1 - - [25/May/2016:20:17:25 +0200] "GET /css/main.css HTTP/1.1" 200 88
0:0:0:0:0:0:0:1 - - [25/May/2016:20:17:25 +0200] "GET /css/bootstrap.min.css HTTP/1.1" 200 121260
0:0:0:0:0:0:0:1 - - [25/May/2016:20:17:26 +0200] "GET /games HTTP/1.1" 200 1757
127.0.0.1 - - [25/May/2016:20:17:26 +0200] "GET /css/main.css HTTP/1.1" 200 88
0:0:0:0:0:0:0:1 - - [25/May/2016:20:17:26 +0200] "GET /css/bootstrap.min.css HTTP/1.1" 200 121260
0:0:0:0:0:0:0:1 - - [25/May/2016:20:17:28 +0200] "GET /games/new? HTTP/1.1" 200 1481
127.0.0.1 - - [25/May/2016:20:17:28 +0200] "GET /css/main.css HTTP/1.1" 200 88
0:0:0:0:0:0:0:1 - - [25/May/2016:20:17:28 +0200] "GET /css/bootstrap.min.css HTTP/1.1" 200 121260
0:0:0:0:0:0:0:1 - - [25/May/2016:20:18:53 +0200] "GET / HTTP/1.1" 200 88
0:0:0:0:0:0:0:1 - - [25/May/2016:20:18:54 +0200] "GET /users HTTP/1.1" 200 1311
0:0:0:0:0:0:0:1 - - [25/May/2016:20:18:55 +0200] "GET /css/main.css HTTP/1.1" 200 88
0:0:0:0:0:0:0:1 - - [25/May/2016:20:18:55 +0200] "GET /css/bootstrap.min.css HTTP/1.1" 200 121260
0:0:0:0:0:0:0:1 - - [25/May/2016:20:18:56 +0200] "GET /games HTTP/1.1" 200 1757
0:0:0:0:0:0:0:1 - - [25/May/2016:20:18:56 +0200] "GET /css/main.css HTTP/1.1" 200 88
0:0:0:0:0:0:0:1 - - [25/May/2016:20:18:56 +0200] "GET /css/bootstrap.min.css HTTP/1.1" 200 121260
0:0:0:0:0:0:0:1 - - [25/May/2016:20:18:57 +0200] "GET /games/new? HTTP/1.1" 200 1481
0:0:0:0:0:0:0:1 - - [25/May/2016:20:18:58 +0200] "GET /css/bootstrap.min.css HTTP/1.1" 200 121260
0:0:0:0:0:0:0:1 - - [25/May/2016:20:18:58 +0200] "GET /css/main.css HTTP/1.1" 200 88
0:0:0:0:0:0:0:1 - - [25/May/2016:20:20:30 +0200] "GET / HTTP/1.1" 200 88
0:0:0:0:0:0:0:1 - - [25/May/2016:20:20:31 +0200] "GET /users HTTP/1.1" 200 1311
0:0:0:0:0:0:0:1 - - [25/May/2016:20:20:31 +0200] "GET /css/main.css HTTP/1.1" 200 88
0:0:0:0:0:0:0:1 - - [25/May/2016:20:20:31 +0200] "GET /css/bootstrap.min.css HTTP/1.1" 200 121260
0:0:0:0:0:0:0:1 - - [25/May/2016:20:20:32 +0200] "GET /games HTTP/1.1" 200 1757
0:0:0:0:0:0:0:1 - - [25/May/2016:20:20:32 +0200] "GET /css/bootstrap.min.css HTTP/1.1" 200 121260
0:0:0:0:0:0:0:1 - - [25/May/2016:20:20:32 +0200] "GET /css/main.css HTTP/1.1" 200 88
0:0:0:0:0:0:0:1 - - [25/May/2016:20:20:33 +0200] "GET /games/new? HTTP/1.1" 200 1481
0:0:0:0:0:0:0:1 - - [25/May/2016:20:20:33 +0200] "GET /css/main.css HTTP/1.1" 200 88
0:0:0:0:0:0:0:1 - - [25/May/2016:20:20:33 +0200] "GET /css/bootstrap.min.css HTTP/1.1" 200 121260
0:0:0:0:0:0:0:1 - - [25/May/2016:20:23:55 +0200] "GET / HTTP/1.1" 200 88
0:0:0:0:0:0:0:1 - - [25/May/2016:20:23:56 +0200] "GET /users HTTP/1.1" 200 1311
0:0:0:0:0:0:0:1 - - [25/May/2016:20:23:57 +0200] "GET /css/main.css HTTP/1.1" 200 88
0:0:0:0:0:0:0:1 - - [25/May/2016:20:23:57 +0200] "GET /css/bootstrap.min.css HTTP/1.1" 200 121260
0:0:0:0:0:0:0:1 - - [25/May/2016:20:23:58 +0200] "GET /games HTTP/1.1" 200 1757
0:0:0:0:0:0:0:1 - - [25/May/2016:20:23:58 +0200] "GET /css/main.css HTTP/1.1" 200 88
0:0:0:0:0:0:0:1 - - [25/May/2016:20:23:58 +0200] "GET /css/bootstrap.min.css HTTP/1.1" 200 121260
0:0:0:0:0:0:0:1 - - [25/May/2016:20:23:59 +0200] "GET /games/new? HTTP/1.1" 500 422
0:0:0:0:0:0:0:1 - - [25/May/2016:20:25:34 +0200] "GET / HTTP/1.1" 200 88
0:0:0:0:0:0:0:1 - - [25/May/2016:20:25:35 +0200] "GET /users HTTP/1.1" 200 1311
0:0:0:0:0:0:0:1 - - [25/May/2016:20:25:35 +0200] "GET /css/bootstrap.min.css HTTP/1.1" 200 121260
0:0:0:0:0:0:0:1 - - [25/May/2016:20:25:35 +0200] "GET /css/main.css HTTP/1.1" 200 88
0:0:0:0:0:0:0:1 - - [25/May/2016:20:25:37 +0200] "GET /games HTTP/1.1" 200 1757
0:0:0:0:0:0:0:1 - - [25/May/2016:20:25:37 +0200] "GET /css/main.css HTTP/1.1" 200 88
0:0:0:0:0:0:0:1 - - [25/May/2016:20:25:37 +0200] "GET /css/bootstrap.min.css HTTP/1.1" 200 121260
0:0:0:0:0:0:0:1 - - [25/May/2016:20:25:38 +0200] "GET /games/new? HTTP/1.1" 500 422
0:0:0:0:0:0:0:1 - - [25/May/2016:20:26:49 +0200] "GET / HTTP/1.1" 200 88
0:0:0:0:0:0:0:1 - - [25/May/2016:20:26:50 +0200] "GET /users HTTP/1.1" 200 1311
0:0:0:0:0:0:0:1 - - [25/May/2016:20:26:50 +0200] "GET /css/main.css HTTP/1.1" 200 88
0:0:0:0:0:0:0:1 - - [25/May/2016:20:26:50 +0200] "GET /css/bootstrap.min.css HTTP/1.1" 200 121260
0:0:0:0:0:0:0:1 - - [25/May/2016:20:26:51 +0200] "GET /games HTTP/1.1" 200 1757
0:0:0:0:0:0:0:1 - - [25/May/2016:20:26:52 +0200] "GET /css/main.css HTTP/1.1" 200 88
0:0:0:0:0:0:0:1 - - [25/May/2016:20:26:52 +0200] "GET /css/bootstrap.min.css HTTP/1.1" 200 121260
0:0:0:0:0:0:0:1 - - [25/May/2016:20:26:53 +0200] "GET /games/new? HTTP/1.1" 500 375
0:0:0:0:0:0:0:1 - - [25/May/2016:20:29:41 +0200] "GET / HTTP/1.1" 200 88
0:0:0:0:0:0:0:1 - - [25/May/2016:20:29:42 +0200] "GET /users HTTP/1.1" 200 1311
0:0:0:0:0:0:0:1 - - [25/May/2016:20:29:42 +0200] "GET /css/bootstrap.min.css HTTP/1.1" 200 121260
0:0:0:0:0:0:0:1 - - [25/May/2016:20:29:42 +0200] "GET /css/main.css HTTP/1.1" 200 88
0:0:0:0:0:0:0:1 - - [25/May/2016:20:29:44 +0200] "GET /games HTTP/1.1" 200 1757
0:0:0:0:0:0:0:1 - - [25/May/2016:20:29:44 +0200] "GET /css/main.css HTTP/1.1" 200 88
0:0:0:0:0:0:0:1 - - [25/May/2016:20:29:44 +0200] "GET /css/bootstrap.min.css HTTP/1.1" 200 121260
0:0:0:0:0:0:0:1 - - [25/May/2016:20:29:46 +0200] "GET /games/new? HTTP/1.1" 200 1986
0:0:0:0:0:0:0:1 - - [25/May/2016:20:29:46 +0200] "GET /css/bootstrap.min.css HTTP/1.1" 200 121260
0:0:0:0:0:0:0:1 - - [25/May/2016:20:29:46 +0200] "GET /css/main.css HTTP/1.1" 200 88
0:0:0:0:0:0:0:1 - - [25/May/2016:20:29:54 +0200] "POST /games/new? HTTP/1.1" 302 -
0:0:0:0:0:0:0:1 - - [25/May/2016:20:29:54 +0200] "GET /games HTTP/1.1" 500 374
0:0:0:0:0:0:0:1 - - [25/May/2016:20:30:02 +0200] "GET /games/new? HTTP/1.1" 200 1986
0:0:0:0:0:0:0:1 - - [25/May/2016:20:30:02 +0200] "GET /css/bootstrap.min.css HTTP/1.1" 200 121260
0:0:0:0:0:0:0:1 - - [25/May/2016:20:37:04 +0200] "GET / HTTP/1.1" 200 88
0:0:0:0:0:0:0:1 - - [25/May/2016:20:37:05 +0200] "GET /users HTTP/1.1" 200 1311
0:0:0:0:0:0:0:1 - - [25/May/2016:20:37:05 +0200] "GET /css/main.css HTTP/1.1" 200 88
0:0:0:0:0:0:0:1 - - [25/May/2016:20:37:05 +0200] "GET /css/bootstrap.min.css HTTP/1.1" 200 121260
0:0:0:0:0:0:0:1 - - [25/May/2016:20:37:07 +0200] "GET /games HTTP/1.1" 200 1757
0:0:0:0:0:0:0:1 - - [25/May/2016:20:37:07 +0200] "GET /css/bootstrap.min.css HTTP/1.1" 200 121260
0:0:0:0:0:0:0:1 - - [25/May/2016:20:37:07 +0200] "GET /css/main.css HTTP/1.1" 200 88
0:0:0:0:0:0:0:1 - - [25/May/2016:20:37:08 +0200] "GET /games/new? HTTP/1.1" 500 428
0:0:0:0:0:0:0:1 - - [25/May/2016:20:42:45 +0200] "GET / HTTP/1.1" 200 88
0:0:0:0:0:0:0:1 - - [25/May/2016:20:42:46 +0200] "GET /users HTTP/1.1" 200 1311
0:0:0:0:0:0:0:1 - - [25/May/2016:20:42:47 +0200] "GET /css/main.css HTTP/1.1" 200 88
0:0:0:0:0:0:0:1 - - [25/May/2016:20:42:47 +0200] "GET /css/bootstrap.min.css HTTP/1.1" 200 121260
0:0:0:0:0:0:0:1 - - [25/May/2016:20:42:47 +0200] "GET /games HTTP/1.1" 200 1757
0:0:0:0:0:0:0:1 - - [25/May/2016:20:42:48 +0200] "GET /css/main.css HTTP/1.1" 200 88
0:0:0:0:0:0:0:1 - - [25/May/2016:20:42:48 +0200] "GET /css/bootstrap.min.css HTTP/1.1" 200 121260
0:0:0:0:0:0:0:1 - - [25/May/2016:20:42:49 +0200] "GET /games/new? HTTP/1.1" 500 428
0:0:0:0:0:0:0:1 - - [25/May/2016:20:45:46 +0200] "GET / HTTP/1.1" 200 88
0:0:0:0:0:0:0:1 - - [25/May/2016:20:45:47 +0200] "GET /users HTTP/1.1" 200 1311
0:0:0:0:0:0:0:1 - - [25/May/2016:20:45:47 +0200] "GET /css/main.css HTTP/1.1" 200 88
0:0:0:0:0:0:0:1 - - [25/May/2016:20:45:47 +0200] "GET /css/bootstrap.min.css HTTP/1.1" 200 121260
0:0:0:0:0:0:0:1 - - [25/May/2016:20:45:48 +0200] "GET /games HTTP/1.1" 200 1757
0:0:0:0:0:0:0:1 - - [25/May/2016:20:45:48 +0200] "GET /css/bootstrap.min.css HTTP/1.1" 200 121260
0:0:0:0:0:0:0:1 - - [25/May/2016:20:45:48 +0200] "GET /css/main.css HTTP/1.1" 200 88
0:0:0:0:0:0:0:1 - - [25/May/2016:20:45:49 +0200] "GET /games/new? HTTP/1.1" 500 428
0:0:0:0:0:0:0:1 - - [25/May/2016:20:47:10 +0200] "GET / HTTP/1.1" 200 88
0:0:0:0:0:0:0:1 - - [25/May/2016:20:47:11 +0200] "GET /users HTTP/1.1" 200 1311
0:0:0:0:0:0:0:1 - - [25/May/2016:20:47:11 +0200] "GET /css/main.css HTTP/1.1" 200 88
0:0:0:0:0:0:0:1 - - [25/May/2016:20:47:11 +0200] "GET /css/bootstrap.min.css HTTP/1.1" 200 121260
0:0:0:0:0:0:0:1 - - [25/May/2016:20:47:13 +0200] "GET /games HTTP/1.1" 200 1757
0:0:0:0:0:0:0:1 - - [25/May/2016:20:47:13 +0200] "GET /css/main.css HTTP/1.1" 200 88
0:0:0:0:0:0:0:1 - - [25/May/2016:20:47:13 +0200] "GET /css/bootstrap.min.css HTTP/1.1" 200 121260
0:0:0:0:0:0:0:1 - - [25/May/2016:20:49:39 +0200] "GET /games/new? HTTP/1.1" 500 428
0:0:0:0:0:0:0:1 - - [25/May/2016:20:51:40 +0200] "GET /games HTTP/1.1" 200 1757
0:0:0:0:0:0:0:1 - - [25/May/2016:20:51:40 +0200] "GET /css/main.css HTTP/1.1" 200 88
0:0:0:0:0:0:0:1 - - [25/May/2016:20:51:40 +0200] "GET /css/bootstrap.min.css HTTP/1.1" 200 121260
0:0:0:0:0:0:0:1 - - [25/May/2016:20:51:41 +0200] "GET /games/new? HTTP/1.1" 500 428
0:0:0:0:0:0:0:1 - - [25/May/2016:20:57:25 +0200] "GET /games HTTP/1.1" 200 1757
0:0:0:0:0:0:0:1 - - [25/May/2016:20:57:25 +0200] "GET /css/main.css HTTP/1.1" 200 88
0:0:0:0:0:0:0:1 - - [25/May/2016:20:57:25 +0200] "GET /css/bootstrap.min.css HTTP/1.1" 200 121260
0:0:0:0:0:0:0:1 - - [25/May/2016:20:57:26 +0200] "GET /games HTTP/1.1" 200 1757
0:0:0:0:0:0:0:1 - - [25/May/2016:20:57:26 +0200] "GET /css/bootstrap.min.css HTTP/1.1" 200 121260
0:0:0:0:0:0:0:1 - - [25/May/2016:20:57:26 +0200] "GET /css/main.css HTTP/1.1" 200 88
0:0:0:0:0:0:0:1 - - [25/May/2016:20:57:26 +0200] "GET /favicon.ico HTTP/1.1" 200 946
0:0:0:0:0:0:0:1 - - [25/May/2016:20:57:28 +0200] "GET /games/new? HTTP/1.1" 500 428
0:0:0:0:0:0:0:1 - - [25/May/2016:21:00:03 +0200] "GET /games HTTP/1.1" 200 1757
0:0:0:0:0:0:0:1 - - [25/May/2016:21:00:03 +0200] "GET /css/main.css HTTP/1.1" 200 88
0:0:0:0:0:0:0:1 - - [25/May/2016:21:00:03 +0200] "GET /css/bootstrap.min.css HTTP/1.1" 200 121260
0:0:0:0:0:0:0:1 - - [25/May/2016:21:00:36 +0200] "GET /games/new? HTTP/1.1" 200 1979
0:0:0:0:0:0:0:1 - - [25/May/2016:21:00:37 +0200] "GET /css/main.css HTTP/1.1" 200 88
0:0:0:0:0:0:0:1 - - [25/May/2016:21:00:37 +0200] "GET /css/bootstrap.min.css HTTP/1.1" 200 121260
0:0:0:0:0:0:0:1 - - [25/May/2016:21:02:57 +0200] "GET /css/main.css HTTP/1.1" 200 88
0:0:0:0:0:0:0:1 - - [25/May/2016:21:02:57 +0200] "GET /css/bootstrap.min.css HTTP/1.1" 200 121260
0:0:0:0:0:0:0:1 - - [25/May/2016:21:02:58 +0200] "GET /css/bootstrap.min.css.map HTTP/1.1" 404 140
0:0:0:0:0:0:0:1 - - [25/May/2016:21:04:58 +0200] "GET /games/new? HTTP/1.1" 200 1993
0:0:0:0:0:0:0:1 - - [25/May/2016:21:04:58 +0200] "GET /css/main.css HTTP/1.1" 200 88
0:0:0:0:0:0:0:1 - - [25/May/2016:21:04:58 +0200] "GET /css/bootstrap.min.css HTTP/1.1" 200 121260
0:0:0:0:0:0:0:1 - - [25/May/2016:21:04:58 +0200] "GET /css/bootstrap.min.css.map HTTP/1.1" 404 140
0:0:0:0:0:0:0:1 - - [25/May/2016:21:05:38 +0200] "GET /games/new? HTTP/1.1" 200 1986
0:0:0:0:0:0:0:1 - - [25/May/2016:21:05:39 +0200] "GET /css/bootstrap.min.css HTTP/1.1" 200 121260
0:0:0:0:0:0:0:1 - - [25/May/2016:21:05:39 +0200] "GET /css/main.css HTTP/1.1" 200 88
0:0:0:0:0:0:0:1 - - [25/May/2016:21:05:39 +0200] "GET /css/bootstrap.min.css.map HTTP/1.1" 404 140
0:0:0:0:0:0:0:1 - - [25/May/2016:21:06:56 +0200] "GET /games/new? HTTP/1.1" 200 1994
0:0:0:0:0:0:0:1 - - [25/May/2016:21:06:56 +0200] "GET /css/main.css HTTP/1.1" 200 88
0:0:0:0:0:0:0:1 - - [25/May/2016:21:06:56 +0200] "GET /css/bootstrap.min.css HTTP/1.1" 200 121260
0:0:0:0:0:0:0:1 - - [25/May/2016:21:06:56 +0200] "GET /css/bootstrap.min.css.map HTTP/1.1" 404 140
0:0:0:0:0:0:0:1 - - [25/May/2016:21:07:25 +0200] "GET /games/new? HTTP/1.1" 200 1981
0:0:0:0:0:0:0:1 - - [25/May/2016:21:07:25 +0200] "GET /css/main.css HTTP/1.1" 200 88
0:0:0:0:0:0:0:1 - - [25/May/2016:21:07:25 +0200] "GET /css/bootstrap.min.css HTTP/1.1" 200 121260
0:0:0:0:0:0:0:1 - - [25/May/2016:21:07:25 +0200] "GET /css/bootstrap.min.css.map HTTP/1.1" 404 140
0:0:0:0:0:0:0:1 - - [25/May/2016:21:07:50 +0200] "GET /games/new? HTTP/1.1" 200 1985
0:0:0:0:0:0:0:1 - - [25/May/2016:21:07:50 +0200] "GET /css/bootstrap.min.css HTTP/1.1" 200 121260
0:0:0:0:0:0:0:1 - - [25/May/2016:21:07:50 +0200] "GET /css/main.css HTTP/1.1" 200 88
0:0:0:0:0:0:0:1 - - [25/May/2016:21:07:50 +0200] "GET /css/bootstrap.min.css.map HTTP/1.1" 404 140
0:0:0:0:0:0:0:1 - - [25/May/2016:21:08:57 +0200] "GET /games/new? HTTP/1.1" 200 1985
0:0:0:0:0:0:0:1 - - [25/May/2016:21:08:57 +0200] "GET /css/main.css HTTP/1.1" 200 88
0:0:0:0:0:0:0:1 - - [25/May/2016:21:08:57 +0200] "GET /css/bootstrap.min.css HTTP/1.1" 200 121260
0:0:0:0:0:0:0:1 - - [25/May/2016:21:08:57 +0200] "GET /css/bootstrap.min.css.map HTTP/1.1" 404 140
0:0:0:0:0:0:0:1 - - [25/May/2016:21:09:12 +0200] "GET /games/new? HTTP/1.1" 200 1985
0:0:0:0:0:0:0:1 - - [25/May/2016:21:09:12 +0200] "GET /css/bootstrap.min.css HTTP/1.1" 200 121260
0:0:0:0:0:0:0:1 - - [25/May/2016:21:09:12 +0200] "GET /css/main.css HTTP/1.1" 200 88
0:0:0:0:0:0:0:1 - - [25/May/2016:21:09:12 +0200] "GET /css/bootstrap.min.css.map HTTP/1.1" 404 140
0:0:0:0:0:0:0:1 - - [25/May/2016:21:12:36 +0200] "GET /games HTTP/1.1" 200 1757
0:0:0:0:0:0:0:1 - - [25/May/2016:21:12:36 +0200] "GET /css/main.css HTTP/1.1" 200 88
0:0:0:0:0:0:0:1 - - [25/May/2016:21:12:36 +0200] "GET /css/bootstrap.min.css HTTP/1.1" 200 121260
0:0:0:0:0:0:0:1 - - [25/May/2016:21:12:36 +0200] "GET /css/bootstrap.min.css.map HTTP/1.1" 404 140
0:0:0:0:0:0:0:1 - - [25/May/2016:21:12:41 +0200] "GET /games/new? HTTP/1.1" 200 1984
0:0:0:0:0:0:0:1 - - [25/May/2016:21:12:42 +0200] "GET /css/main.css HTTP/1.1" 200 88
0:0:0:0:0:0:0:1 - - [25/May/2016:21:12:42 +0200] "GET /css/bootstrap.min.css HTTP/1.1" 200 121260
0:0:0:0:0:0:0:1 - - [25/May/2016:21:12:42 +0200] "GET /css/bootstrap.min.css.map HTTP/1.1" 404 140
0:0:0:0:0:0:0:1 - - [25/May/2016:21:15:22 +0200] "GET /games HTTP/1.1" 200 1757
0:0:0:0:0:0:0:1 - - [25/May/2016:21:15:22 +0200] "GET /css/main.css HTTP/1.1" 200 88
0:0:0:0:0:0:0:1 - - [25/May/2016:21:15:22 +0200] "GET /css/bootstrap.min.css HTTP/1.1" 200 121260
0:0:0:0:0:0:0:1 - - [25/May/2016:21:15:22 +0200] "GET /css/bootstrap.min.css.map HTTP/1.1" 404 140
0:0:0:0:0:0:0:1 - - [25/May/2016:21:15:23 +0200] "GET /games/new? HTTP/1.1" 500 422
0:0:0:0:0:0:0:1 - - [25/May/2016:21:30:15 +0200] "GET / HTTP/1.1" 200 88
0:0:0:0:0:0:0:1 - - [25/May/2016:21:30:16 +0200] "GET /users HTTP/1.1" 200 1311
0:0:0:0:0:0:0:1 - - [25/May/2016:21:30:16 +0200] "GET /css/bootstrap.min.css HTTP/1.1" 200 121260
0:0:0:0:0:0:0:1 - - [25/May/2016:21:30:16 +0200] "GET /css/main.css HTTP/1.1" 200 88
0:0:0:0:0:0:0:1 - - [25/May/2016:21:30:19 +0200] "GET /games HTTP/1.1" 200 1763
0:0:0:0:0:0:0:1 - - [25/May/2016:21:30:19 +0200] "GET /css/bootstrap.min.css HTTP/1.1" 200 121260
0:0:0:0:0:0:0:1 - - [25/May/2016:21:30:19 +0200] "GET /css/main.css HTTP/1.1" 200 88
0:0:0:0:0:0:0:1 - - [25/May/2016:21:30:21 +0200] "GET /games/new? HTTP/1.1" 200 2259
0:0:0:0:0:0:0:1 - - [25/May/2016:21:30:21 +0200] "GET /css/bootstrap.min.css HTTP/1.1" 200 121260
0:0:0:0:0:0:0:1 - - [25/May/2016:21:30:21 +0200] "GET /css/main.css HTTP/1.1" 200 88
0:0:0:0:0:0:0:1 - - [25/May/2016:21:31:43 +0200] "GET /games/new? HTTP/1.1" 200 2205
0:0:0:0:0:0:0:1 - - [25/May/2016:21:31:43 +0200] "GET /css/bootstrap.min.css HTTP/1.1" 200 121260
0:0:0:0:0:0:0:1 - - [25/May/2016:21:31:43 +0200] "GET /css/main.css HTTP/1.1" 200 88
0:0:0:0:0:0:0:1 - - [25/May/2016:21:31:44 +0200] "GET /favicon.ico HTTP/1.1" 200 946
0:0:0:0:0:0:0:1 - - [25/May/2016:21:32:08 +0200] "GET /games/new? HTTP/1.1" 200 2226
0:0:0:0:0:0:0:1 - - [25/May/2016:21:32:08 +0200] "GET /css/main.css HTTP/1.1" 200 88
0:0:0:0:0:0:0:1 - - [25/May/2016:21:32:08 +0200] "GET /css/bootstrap.min.css HTTP/1.1" 200 121260
0:0:0:0:0:0:0:1 - - [25/May/2016:21:32:09 +0200] "GET /favicon.ico HTTP/1.1" 200 946
0:0:0:0:0:0:0:1 - - [25/May/2016:21:32:23 +0200] "GET /games/new? HTTP/1.1" 200 2247
0:0:0:0:0:0:0:1 - - [25/May/2016:21:32:23 +0200] "GET /css/main.css HTTP/1.1" 200 88
0:0:0:0:0:0:0:1 - - [25/May/2016:21:32:23 +0200] "GET /css/bootstrap.min.css HTTP/1.1" 200 121260
0:0:0:0:0:0:0:1 - - [25/May/2016:21:32:23 +0200] "GET /favicon.ico HTTP/1.1" 200 946
0:0:0:0:0:0:0:1 - - [25/May/2016:21:33:15 +0200] "POST /games/new? HTTP/1.1" 302 -
0:0:0:0:0:0:0:1 - - [25/May/2016:21:33:15 +0200] "GET /games HTTP/1.1" 500 378
0:0:0:0:0:0:0:1 - - [25/May/2016:21:33:46 +0200] "GET /games/new? HTTP/1.1" 200 2431
0:0:0:0:0:0:0:1 - - [25/May/2016:21:33:59 +0200] "GET /games/new? HTTP/1.1" 200 2430
0:0:0:0:0:0:0:1 - - [25/May/2016:21:33:59 +0200] "GET /css/bootstrap.min.css HTTP/1.1" 200 121260
0:0:0:0:0:0:0:1 - - [25/May/2016:21:33:59 +0200] "GET /css/main.css HTTP/1.1" 200 88
0:0:0:0:0:0:0:1 - - [25/May/2016:21:33:59 +0200] "GET /favicon.ico HTTP/1.1" 200 946
0:0:0:0:0:0:0:1 - - [25/May/2016:21:34:03 +0200] "GET /games/new? HTTP/1.1" 200 2247
0:0:0:0:0:0:0:1 - - [25/May/2016:21:34:03 +0200] "GET /css/main.css HTTP/1.1" 200 88
0:0:0:0:0:0:0:1 - - [25/May/2016:21:34:03 +0200] "GET /css/bootstrap.min.css HTTP/1.1" 200 121260
0:0:0:0:0:0:0:1 - - [25/May/2016:21:34:03 +0200] "GET /favicon.ico HTTP/1.1" 200 946
0:0:0:0:0:0:0:1 - - [25/May/2016:21:41:04 +0200] "GET /games/new? HTTP/1.1" 500 422
0:0:0:0:0:0:0:1 - - [25/May/2016:21:41:04 +0200] "GET /favicon.ico HTTP/1.1" 200 946
0:0:0:0:0:0:0:1 - - [25/May/2016:21:42:17 +0200] "GET /games/new? HTTP/1.1" 500 422
0:0:0:0:0:0:0:1 - - [25/May/2016:21:42:17 +0200] "GET /favicon.ico HTTP/1.1" 200 946
0:0:0:0:0:0:0:1 - - [25/May/2016:21:42:19 +0200] "GET /games HTTP/1.1" 500 378
0:0:0:0:0:0:0:1 - - [25/May/2016:21:42:29 +0200] "GET /games HTTP/1.1" 500 378
0:0:0:0:0:0:0:1 - - [25/May/2016:21:42:32 +0200] "GET / HTTP/1.1" 200 88
0:0:0:0:0:0:0:1 - - [25/May/2016:21:42:32 +0200] "GET /users HTTP/1.1" 200 1311
0:0:0:0:0:0:0:1 - - [25/May/2016:21:42:32 +0200] "GET /css/bootstrap.min.css HTTP/1.1" 200 121260
0:0:0:0:0:0:0:1 - - [25/May/2016:21:42:32 +0200] "GET /css/main.css HTTP/1.1" 200 88
0:0:0:0:0:0:0:1 - - [25/May/2016:21:42:34 +0200] "GET /games HTTP/1.1" 500 378
0:0:0:0:0:0:0:1 - - [25/May/2016:21:43:24 +0200] "GET /games HTTP/1.1" 200 1763
0:0:0:0:0:0:0:1 - - [25/May/2016:21:43:25 +0200] "GET /css/main.css HTTP/1.1" 200 88
0:0:0:0:0:0:0:1 - - [25/May/2016:21:43:25 +0200] "GET /css/bootstrap.min.css HTTP/1.1" 200 121260
0:0:0:0:0:0:0:1 - - [25/May/2016:21:43:27 +0200] "GET /games/new? HTTP/1.1" 500 352
0:0:0:0:0:0:0:1 - - [25/May/2016:21:44:06 +0200] "GET /games/new? HTTP/1.1" 200 2247
0:0:0:0:0:0:0:1 - - [25/May/2016:21:44:06 +0200] "GET /css/bootstrap.min.css HTTP/1.1" 200 121260
0:0:0:0:0:0:0:1 - - [25/May/2016:21:44:06 +0200] "GET /css/main.css HTTP/1.1" 200 88
0:0:0:0:0:0:0:1 - - [25/May/2016:21:44:07 +0200] "GET /favicon.ico HTTP/1.1" 200 946
0:0:0:0:0:0:0:1 - - [25/May/2016:21:44:32 +0200] "GET /games/new? HTTP/1.1" 200 2247
0:0:0:0:0:0:0:1 - - [25/May/2016:21:44:32 +0200] "GET /css/main.css HTTP/1.1" 200 88
0:0:0:0:0:0:0:1 - - [25/May/2016:21:44:32 +0200] "GET /css/bootstrap.min.css HTTP/1.1" 200 121260
0:0:0:0:0:0:0:1 - - [25/May/2016:21:44:32 +0200] "GET /favicon.ico HTTP/1.1" 200 946
0:0:0:0:0:0:0:1 - - [25/May/2016:21:44:34 +0200] "GET /games/new? HTTP/1.1" 200 2247
0:0:0:0:0:0:0:1 - - [25/May/2016:21:44:34 +0200] "GET /css/main.css HTTP/1.1" 200 88
0:0:0:0:0:0:0:1 - - [25/May/2016:21:44:34 +0200] "GET /css/bootstrap.min.css HTTP/1.1" 200 121260
0:0:0:0:0:0:0:1 - - [25/May/2016:21:44:34 +0200] "GET /favicon.ico HTTP/1.1" 200 946
0:0:0:0:0:0:0:1 - - [25/May/2016:21:44:35 +0200] "GET /games HTTP/1.1" 200 1763
0:0:0:0:0:0:0:1 - - [25/May/2016:21:44:35 +0200] "GET /css/bootstrap.min.css HTTP/1.1" 200 121260
0:0:0:0:0:0:0:1 - - [25/May/2016:21:44:35 +0200] "GET /css/main.css HTTP/1.1" 200 88
0:0:0:0:0:0:0:1 - - [25/May/2016:21:44:35 +0200] "GET /games/new? HTTP/1.1" 200 2247
0:0:0:0:0:0:0:1 - - [25/May/2016:21:44:36 +0200] "GET /css/main.css HTTP/1.1" 200 88
0:0:0:0:0:0:0:1 - - [25/May/2016:21:44:36 +0200] "GET /css/bootstrap.min.css HTTP/1.1" 200 121260
0:0:0:0:0:0:0:1 - - [25/May/2016:21:44:40 +0200] "POST /games/new? HTTP/1.1" 302 -
0:0:0:0:0:0:0:1 - - [25/May/2016:21:44:40 +0200] "GET /games HTTP/1.1" 500 378
0:0:0:0:0:0:0:1 - - [25/May/2016:21:44:50 +0200] "GET /games/new? HTTP/1.1" 200 2247
0:0:0:0:0:0:0:1 - - [25/May/2016:21:44:59 +0200] "GET /games/new? HTTP/1.1" 200 2432
0:0:0:0:0:0:0:1 - - [25/May/2016:21:44:59 +0200] "GET /css/main.css HTTP/1.1" 200 88
0:0:0:0:0:0:0:1 - - [25/May/2016:21:44:59 +0200] "GET /css/bootstrap.min.css HTTP/1.1" 200 121260
0:0:0:0:0:0:0:1 - - [25/May/2016:21:45:00 +0200] "GET /favicon.ico HTTP/1.1" 200 946
0:0:0:0:0:0:0:1 - - [25/May/2016:21:46:36 +0200] "GET /games HTTP/1.1" 200 1763
0:0:0:0:0:0:0:1 - - [25/May/2016:21:46:36 +0200] "GET /css/main.css HTTP/1.1" 200 88
0:0:0:0:0:0:0:1 - - [25/May/2016:21:46:36 +0200] "GET /css/bootstrap.min.css HTTP/1.1" 200 121260
0:0:0:0:0:0:0:1 - - [25/May/2016:21:46:37 +0200] "GET /games/new? HTTP/1.1" 200 2487
0:0:0:0:0:0:0:1 - - [25/May/2016:21:46:38 +0200] "GET /css/bootstrap.min.css HTTP/1.1" 200 121260
0:0:0:0:0:0:0:1 - - [25/May/2016:21:46:38 +0200] "GET /css/main.css HTTP/1.1" 200 88
0:0:0:0:0:0:0:1 - - [25/May/2016:21:46:45 +0200] "POST /games/new? HTTP/1.1" 302 -
0:0:0:0:0:0:0:1 - - [25/May/2016:21:46:45 +0200] "GET /games HTTP/1.1" 500 378
0:0:0:0:0:0:0:1 - - [25/May/2016:21:47:03 +0200] "GET /games/new? HTTP/1.1" 200 2487
0:0:0:0:0:0:0:1 - - [25/May/2016:21:47:05 +0200] "POST /games/new? HTTP/1.1" 302 -
0:0:0:0:0:0:0:1 - - [25/May/2016:21:47:05 +0200] "GET /games HTTP/1.1" 500 378
0:0:0:0:0:0:0:1 - - [25/May/2016:21:47:33 +0200] "GET /games HTTP/1.1" 500 378
0:0:0:0:0:0:0:1 - - [25/May/2016:21:47:33 +0200] "GET /favicon.ico HTTP/1.1" 200 946
0:0:0:0:0:0:0:1 - - [25/May/2016:21:47:35 +0200] "GET / HTTP/1.1" 200 88
0:0:0:0:0:0:0:1 - - [25/May/2016:21:47:35 +0200] "GET /users HTTP/1.1" 200 1311
0:0:0:0:0:0:0:1 - - [25/May/2016:21:47:35 +0200] "GET /css/main.css HTTP/1.1" 200 88
0:0:0:0:0:0:0:1 - - [25/May/2016:21:47:35 +0200] "GET /css/bootstrap.min.css HTTP/1.1" 200 121260
0:0:0:0:0:0:0:1 - - [25/May/2016:21:47:37 +0200] "GET /games HTTP/1.1" 500 378
0:0:0:0:0:0:0:1 - - [25/May/2016:21:48:12 +0200] "GET /games HTTP/1.1" 200 1763
0:0:0:0:0:0:0:1 - - [25/May/2016:21:48:13 +0200] "GET /css/main.css HTTP/1.1" 200 88
0:0:0:0:0:0:0:1 - - [25/May/2016:21:48:13 +0200] "GET /css/bootstrap.min.css HTTP/1.1" 200 121260
0:0:0:0:0:0:0:1 - - [25/May/2016:21:48:14 +0200] "GET /games/new? HTTP/1.1" 200 2487
0:0:0:0:0:0:0:1 - - [25/May/2016:21:48:14 +0200] "GET /css/bootstrap.min.css HTTP/1.1" 200 121260
0:0:0:0:0:0:0:1 - - [25/May/2016:21:48:14 +0200] "GET /css/main.css HTTP/1.1" 200 88
0:0:0:0:0:0:0:1 - - [25/May/2016:21:48:20 +0200] "POST /games/new? HTTP/1.1" 302 -
0:0:0:0:0:0:0:1 - - [25/May/2016:21:48:20 +0200] "GET /games HTTP/1.1" 500 378
0:0:0:0:0:0:0:1 - - [25/May/2016:21:49:23 +0200] "GET /games HTTP/1.1" 200 1763
0:0:0:0:0:0:0:1 - - [25/May/2016:21:49:23 +0200] "GET /css/main.css HTTP/1.1" 200 88
0:0:0:0:0:0:0:1 - - [25/May/2016:21:49:23 +0200] "GET /css/bootstrap.min.css HTTP/1.1" 200 121260
0:0:0:0:0:0:0:1 - - [25/May/2016:21:49:24 +0200] "GET /games/new? HTTP/1.1" 200 2487
0:0:0:0:0:0:0:1 - - [25/May/2016:21:49:24 +0200] "GET /css/main.css HTTP/1.1" 200 88
0:0:0:0:0:0:0:1 - - [25/May/2016:21:49:24 +0200] "GET /css/bootstrap.min.css HTTP/1.1" 200 121260
0:0:0:0:0:0:0:1 - - [25/May/2016:21:49:29 +0200] "POST /games/new? HTTP/1.1" 302 -
0:0:0:0:0:0:0:1 - - [25/May/2016:21:49:29 +0200] "GET /games HTTP/1.1" 500 378
0:0:0:0:0:0:0:1 - - [25/May/2016:21:49:38 +0200] "GET / HTTP/1.1" 200 88
0:0:0:0:0:0:0:1 - - [25/May/2016:21:49:38 +0200] "GET /users HTTP/1.1" 200 1311
0:0:0:0:0:0:0:1 - - [25/May/2016:21:49:39 +0200] "GET /css/main.css HTTP/1.1" 200 88
0:0:0:0:0:0:0:1 - - [25/May/2016:21:49:39 +0200] "GET /css/bootstrap.min.css HTTP/1.1" 200 121260
0:0:0:0:0:0:0:1 - - [25/May/2016:21:49:41 +0200] "GET /games HTTP/1.1" 500 378
0:0:0:0:0:0:0:1 - - [25/May/2016:21:50:35 +0200] "GET /games HTTP/1.1" 200 1763
0:0:0:0:0:0:0:1 - - [25/May/2016:21:50:35 +0200] "GET /css/main.css HTTP/1.1" 200 88
0:0:0:0:0:0:0:1 - - [25/May/2016:21:50:35 +0200] "GET /css/bootstrap.min.css HTTP/1.1" 200 121260
0:0:0:0:0:0:0:1 - - [25/May/2016:21:50:37 +0200] "GET /1/update HTTP/1.1" 500 428
0:0:0:0:0:0:0:1 - - [25/May/2016:21:50:49 +0200] "GET / HTTP/1.1" 200 88
0:0:0:0:0:0:0:1 - - [25/May/2016:21:50:50 +0200] "GET /users HTTP/1.1" 200 1311
0:0:0:0:0:0:0:1 - - [25/May/2016:21:50:50 +0200] "GET /css/main.css HTTP/1.1" 200 88
0:0:0:0:0:0:0:1 - - [25/May/2016:21:50:50 +0200] "GET /css/bootstrap.min.css HTTP/1.1" 200 121260
0:0:0:0:0:0:0:1 - - [25/May/2016:21:50:56 +0200] "GET /games HTTP/1.1" 200 1763
0:0:0:0:0:0:0:1 - - [25/May/2016:21:50:56 +0200] "GET /css/bootstrap.min.css HTTP/1.1" 200 121260
0:0:0:0:0:0:0:1 - - [25/May/2016:21:50:56 +0200] "GET /css/main.css HTTP/1.1" 200 88
0:0:0:0:0:0:0:1 - - [25/May/2016:21:50:58 +0200] "GET /games/new? HTTP/1.1" 200 2487
0:0:0:0:0:0:0:1 - - [25/May/2016:21:50:58 +0200] "GET /css/bootstrap.min.css HTTP/1.1" 200 121260
0:0:0:0:0:0:0:1 - - [25/May/2016:21:50:58 +0200] "GET /css/main.css HTTP/1.1" 200 88
0:0:0:0:0:0:0:1 - - [25/May/2016:21:54:08 +0200] "POST /games/new? HTTP/1.1" 302 -
0:0:0:0:0:0:0:1 - - [25/May/2016:21:54:08 +0200] "GET /games HTTP/1.1" 500 378
0:0:0:0:0:0:0:1 - - [25/May/2016:21:57:38 +0200] "GET / HTTP/1.1" 200 88
0:0:0:0:0:0:0:1 - - [25/May/2016:21:57:39 +0200] "GET /users HTTP/1.1" 200 1311
0:0:0:0:0:0:0:1 - - [25/May/2016:21:57:39 +0200] "GET /css/main.css HTTP/1.1" 200 88
0:0:0:0:0:0:0:1 - - [25/May/2016:21:57:39 +0200] "GET /css/bootstrap.min.css HTTP/1.1" 200 121260
0:0:0:0:0:0:0:1 - - [25/May/2016:21:57:40 +0200] "GET /games HTTP/1.1" 200 1763
0:0:0:0:0:0:0:1 - - [25/May/2016:21:57:40 +0200] "GET /css/main.css HTTP/1.1" 200 88
0:0:0:0:0:0:0:1 - - [25/May/2016:21:57:40 +0200] "GET /css/bootstrap.min.css HTTP/1.1" 200 121260
0:0:0:0:0:0:0:1 - - [25/May/2016:21:57:42 +0200] "GET /1/update HTTP/1.1" 200 1795
0:0:0:0:0:0:0:1 - - [25/May/2016:21:57:42 +0200] "GET /css/main.css HTTP/1.1" 200 88
0:0:0:0:0:0:0:1 - - [25/May/2016:21:57:42 +0200] "GET /css/bootstrap.min.css HTTP/1.1" 200 121260
0:0:0:0:0:0:0:1 - - [25/May/2016:21:58:04 +0200] "GET /games/new? HTTP/1.1" 200 2487
0:0:0:0:0:0:0:1 - - [25/May/2016:21:58:04 +0200] "GET /css/main.css HTTP/1.1" 200 88
0:0:0:0:0:0:0:1 - - [25/May/2016:21:58:04 +0200] "GET /css/bootstrap.min.css HTTP/1.1" 200 121260
0:0:0:0:0:0:0:1 - - [25/May/2016:21:58:11 +0200] "POST /games/new? HTTP/1.1" 302 -
0:0:0:0:0:0:0:1 - - [25/May/2016:21:58:11 +0200] "GET /games HTTP/1.1" 500 378
0:0:0:0:0:0:0:1 - - [25/May/2016:21:59:08 +0200] "GET /games HTTP/1.1" 200 1763
0:0:0:0:0:0:0:1 - - [25/May/2016:21:59:08 +0200] "GET /css/main.css HTTP/1.1" 200 88
0:0:0:0:0:0:0:1 - - [25/May/2016:21:59:08 +0200] "GET /css/bootstrap.min.css HTTP/1.1" 200 121260
0:0:0:0:0:0:0:1 - - [25/May/2016:21:59:09 +0200] "GET /games/new? HTTP/1.1" 200 2487
0:0:0:0:0:0:0:1 - - [25/May/2016:21:59:10 +0200] "GET /css/main.css HTTP/1.1" 200 88
0:0:0:0:0:0:0:1 - - [25/May/2016:21:59:10 +0200] "GET /css/bootstrap.min.css HTTP/1.1" 200 121260
0:0:0:0:0:0:0:1 - - [25/May/2016:21:59:21 +0200] "GET /games/new? HTTP/1.1" 500 422
0:0:0:0:0:0:0:1 - - [25/May/2016:21:59:21 +0200] "GET /favicon.ico HTTP/1.1" 200 946
0:0:0:0:0:0:0:1 - - [25/May/2016:21:59:49 +0200] "GET /games/new? HTTP/1.1" 500 422
0:0:0:0:0:0:0:1 - - [25/May/2016:21:59:49 +0200] "GET /favicon.ico HTTP/1.1" 200 946
0:0:0:0:0:0:0:1 - - [25/May/2016:21:59:52 +0200] "GET /games HTTP/1.1" 200 1763
0:0:0:0:0:0:0:1 - - [25/May/2016:21:59:53 +0200] "GET /css/main.css HTTP/1.1" 200 88
0:0:0:0:0:0:0:1 - - [25/May/2016:21:59:53 +0200] "GET /css/bootstrap.min.css HTTP/1.1" 200 121260
0:0:0:0:0:0:0:1 - - [25/May/2016:21:59:53 +0200] "GET /games/new? HTTP/1.1" 500 422
0:0:0:0:0:0:0:1 - - [25/May/2016:22:00:11 +0200] "GET /games HTTP/1.1" 200 1763
0:0:0:0:0:0:0:1 - - [25/May/2016:22:00:11 +0200] "GET /css/main.css HTTP/1.1" 200 88
0:0:0:0:0:0:0:1 - - [25/May/2016:22:00:11 +0200] "GET /css/bootstrap.min.css HTTP/1.1" 200 121260
0:0:0:0:0:0:0:1 - - [25/May/2016:22:00:12 +0200] "GET /games/new? HTTP/1.1" 200 2487
0:0:0:0:0:0:0:1 - - [25/May/2016:22:00:12 +0200] "GET /css/main.css HTTP/1.1" 200 88
0:0:0:0:0:0:0:1 - - [25/May/2016:22:00:12 +0200] "GET /css/bootstrap.min.css HTTP/1.1" 200 121260
0:0:0:0:0:0:0:1 - - [25/May/2016:22:00:22 +0200] "POST /games/new? HTTP/1.1" 302 -
0:0:0:0:0:0:0:1 - - [25/May/2016:22:00:22 +0200] "GET /games HTTP/1.1" 500 378
0:0:0:0:0:0:0:1 - - [25/May/2016:22:03:08 +0200] "GET /games HTTP/1.1" 500 378
0:0:0:0:0:0:0:1 - - [25/May/2016:22:04:09 +0200] "GET /games HTTP/1.1" 200 1763
0:0:0:0:0:0:0:1 - - [25/May/2016:22:04:10 +0200] "GET /css/main.css HTTP/1.1" 200 88
0:0:0:0:0:0:0:1 - - [25/May/2016:22:04:10 +0200] "GET /css/bootstrap.min.css HTTP/1.1" 200 121260
0:0:0:0:0:0:0:1 - - [25/May/2016:22:04:11 +0200] "GET /games/new? HTTP/1.1" 500 422
0:0:0:0:0:0:0:1 - - [25/May/2016:22:06:46 +0200] "GET /games HTTP/1.1" 200 1763
0:0:0:0:0:0:0:1 - - [25/May/2016:22:06:47 +0200] "GET /css/main.css HTTP/1.1" 200 88
0:0:0:0:0:0:0:1 - - [25/May/2016:22:06:47 +0200] "GET /css/bootstrap.min.css HTTP/1.1" 200 121260
0:0:0:0:0:0:0:1 - - [25/May/2016:22:06:48 +0200] "GET /games/new? HTTP/1.1" 200 2487
0:0:0:0:0:0:0:1 - - [25/May/2016:22:06:48 +0200] "GET /css/main.css HTTP/1.1" 200 88
0:0:0:0:0:0:0:1 - - [25/May/2016:22:06:48 +0200] "GET /css/bootstrap.min.css HTTP/1.1" 200 121260
0:0:0:0:0:0:0:1 - - [25/May/2016:22:07:32 +0200] "GET /games HTTP/1.1" 200 1763
0:0:0:0:0:0:0:1 - - [25/May/2016:22:07:32 +0200] "GET /css/main.css HTTP/1.1" 200 88
0:0:0:0:0:0:0:1 - - [25/May/2016:22:07:32 +0200] "GET /css/bootstrap.min.css HTTP/1.1" 200 121260
0:0:0:0:0:0:0:1 - - [25/May/2016:22:07:35 +0200] "GET /games/new? HTTP/1.1" 200 2487
0:0:0:0:0:0:0:1 - - [25/May/2016:22:07:35 +0200] "GET /css/main.css HTTP/1.1" 200 88
0:0:0:0:0:0:0:1 - - [25/May/2016:22:07:35 +0200] "GET /css/bootstrap.min.css HTTP/1.1" 200 121260
0:0:0:0:0:0:0:1 - - [25/May/2016:22:07:47 +0200] "POST /games/new? HTTP/1.1" 302 -
0:0:0:0:0:0:0:1 - - [25/May/2016:22:07:47 +0200] "GET /games HTTP/1.1" 500 378
0:0:0:0:0:0:0:1 - - [25/May/2016:22:09:01 +0200] "GET / HTTP/1.1" 200 88
0:0:0:0:0:0:0:1 - - [25/May/2016:22:09:02 +0200] "GET /users HTTP/1.1" 200 1311
0:0:0:0:0:0:0:1 - - [25/May/2016:22:09:02 +0200] "GET /css/main.css HTTP/1.1" 200 88
0:0:0:0:0:0:0:1 - - [25/May/2016:22:09:02 +0200] "GET /css/bootstrap.min.css HTTP/1.1" 200 121260
0:0:0:0:0:0:0:1 - - [25/May/2016:22:09:03 +0200] "GET /games HTTP/1.1" 200 1763
0:0:0:0:0:0:0:1 - - [25/May/2016:22:09:04 +0200] "GET /css/main.css HTTP/1.1" 200 88
0:0:0:0:0:0:0:1 - - [25/May/2016:22:09:04 +0200] "GET /css/bootstrap.min.css HTTP/1.1" 200 121260
0:0:0:0:0:0:0:1 - - [25/May/2016:22:09:06 +0200] "GET /games/new? HTTP/1.1" 200 2487
0:0:0:0:0:0:0:1 - - [25/May/2016:22:09:06 +0200] "GET /css/main.css HTTP/1.1" 200 88
0:0:0:0:0:0:0:1 - - [25/May/2016:22:09:06 +0200] "GET /css/bootstrap.min.css HTTP/1.1" 200 121260
0:0:0:0:0:0:0:1 - - [25/May/2016:22:10:01 +0200] "GET /games/new? HTTP/1.1" 200 2487
0:0:0:0:0:0:0:1 - - [25/May/2016:22:10:01 +0200] "GET /css/main.css HTTP/1.1" 200 88
0:0:0:0:0:0:0:1 - - [25/May/2016:22:10:01 +0200] "GET /css/bootstrap.min.css HTTP/1.1" 200 121260
0:0:0:0:0:0:0:1 - - [25/May/2016:22:17:42 +0200] "GET /games/new? HTTP/1.1" 200 2488
0:0:0:0:0:0:0:1 - - [25/May/2016:22:17:42 +0200] "GET /css/main.css HTTP/1.1" 200 88
0:0:0:0:0:0:0:1 - - [25/May/2016:22:17:42 +0200] "GET /css/bootstrap.min.css HTTP/1.1" 200 121260
0:0:0:0:0:0:0:1 - - [25/May/2016:22:17:44 +0200] "GET /games HTTP/1.1" 200 1763
0:0:0:0:0:0:0:1 - - [25/May/2016:22:17:44 +0200] "GET /css/main.css HTTP/1.1" 200 88
0:0:0:0:0:0:0:1 - - [25/May/2016:22:17:44 +0200] "GET /css/bootstrap.min.css HTTP/1.1" 200 121260
0:0:0:0:0:0:0:1 - - [25/May/2016:22:17:46 +0200] "GET /games/new? HTTP/1.1" 200 2488
0:0:0:0:0:0:0:1 - - [25/May/2016:22:17:46 +0200] "GET /css/bootstrap.min.css HTTP/1.1" 200 121260
0:0:0:0:0:0:0:1 - - [25/May/2016:22:17:46 +0200] "GET /css/main.css HTTP/1.1" 200 88
0:0:0:0:0:0:0:1 - - [25/May/2016:22:22:24 +0200] "GET /games HTTP/1.1" 200 1763
0:0:0:0:0:0:0:1 - - [25/May/2016:22:22:24 +0200] "GET /css/main.css HTTP/1.1" 200 88
0:0:0:0:0:0:0:1 - - [25/May/2016:22:22:24 +0200] "GET /css/bootstrap.min.css HTTP/1.1" 200 121260
0:0:0:0:0:0:0:1 - - [25/May/2016:22:22:26 +0200] "GET /games/new? HTTP/1.1" 500 363
0:0:0:0:0:0:0:1 - - [25/May/2016:22:26:28 +0200] "GET / HTTP/1.1" 200 88
0:0:0:0:0:0:0:1 - - [25/May/2016:22:26:29 +0200] "GET /users HTTP/1.1" 200 1311
0:0:0:0:0:0:0:1 - - [25/May/2016:22:26:29 +0200] "GET /css/bootstrap.min.css HTTP/1.1" 200 121260
0:0:0:0:0:0:0:1 - - [25/May/2016:22:26:29 +0200] "GET /css/main.css HTTP/1.1" 200 88
0:0:0:0:0:0:0:1 - - [25/May/2016:22:26:31 +0200] "GET /games HTTP/1.1" 200 1763
0:0:0:0:0:0:0:1 - - [25/May/2016:22:26:31 +0200] "GET /css/main.css HTTP/1.1" 200 88
0:0:0:0:0:0:0:1 - - [25/May/2016:22:26:31 +0200] "GET /css/bootstrap.min.css HTTP/1.1" 200 121260
0:0:0:0:0:0:0:1 - - [25/May/2016:22:26:33 +0200] "GET /games/new? HTTP/1.1" 500 372
0:0:0:0:0:0:0:1 - - [25/May/2016:22:28:01 +0200] "GET /games HTTP/1.1" 200 1763
0:0:0:0:0:0:0:1 - - [25/May/2016:22:28:01 +0200] "GET /css/main.css HTTP/1.1" 200 88
0:0:0:0:0:0:0:1 - - [25/May/2016:22:28:01 +0200] "GET /css/bootstrap.min.css HTTP/1.1" 200 121260
0:0:0:0:0:0:0:1 - - [25/May/2016:22:28:02 +0200] "GET /games/new? HTTP/1.1" 500 494
0:0:0:0:0:0:0:1 - - [25/May/2016:22:28:11 +0200] "GET /games/new? HTTP/1.1" 500 372
0:0:0:0:0:0:0:1 - - [25/May/2016:22:28:11 +0200] "GET /favicon.ico HTTP/1.1" 200 946
0:0:0:0:0:0:0:1 - - [25/May/2016:22:42:08 +0200] "GET /games HTTP/1.1" 200 1763
0:0:0:0:0:0:0:1 - - [25/May/2016:22:42:08 +0200] "GET /css/main.css HTTP/1.1" 200 88
0:0:0:0:0:0:0:1 - - [25/May/2016:22:42:08 +0200] "GET /css/bootstrap.min.css HTTP/1.1" 200 121260
0:0:0:0:0:0:0:1 - - [25/May/2016:22:42:10 +0200] "GET /games/new? HTTP/1.1" 200 2488
0:0:0:0:0:0:0:1 - - [25/May/2016:22:42:10 +0200] "GET /css/main.css HTTP/1.1" 200 88
0:0:0:0:0:0:0:1 - - [25/May/2016:22:42:10 +0200] "GET /css/bootstrap.min.css HTTP/1.1" 200 121260
0:0:0:0:0:0:0:1 - - [25/May/2016:22:43:57 +0200] "GET /games HTTP/1.1" 200 1763
0:0:0:0:0:0:0:1 - - [25/May/2016:22:43:57 +0200] "GET /css/bootstrap.min.css HTTP/1.1" 200 121260
0:0:0:0:0:0:0:1 - - [25/May/2016:22:43:57 +0200] "GET /css/main.css HTTP/1.1" 200 88
0:0:0:0:0:0:0:1 - - [25/May/2016:22:43:59 +0200] "GET /games/new? HTTP/1.1" 500 370
0:0:0:0:0:0:0:1 - - [25/May/2016:22:44:38 +0200] "GET /games HTTP/1.1" 200 1763
0:0:0:0:0:0:0:1 - - [25/May/2016:22:44:38 +0200] "GET /css/main.css HTTP/1.1" 200 88
0:0:0:0:0:0:0:1 - - [25/May/2016:22:44:38 +0200] "GET /css/bootstrap.min.css HTTP/1.1" 200 121260
0:0:0:0:0:0:0:1 - - [25/May/2016:22:44:40 +0200] "GET /games/new? HTTP/1.1" 500 370
0:0:0:0:0:0:0:1 - - [25/May/2016:22:44:46 +0200] "GET /games HTTP/1.1" 200 1763
0:0:0:0:0:0:0:1 - - [25/May/2016:22:44:46 +0200] "GET /css/main.css HTTP/1.1" 200 88
0:0:0:0:0:0:0:1 - - [25/May/2016:22:44:46 +0200] "GET /css/bootstrap.min.css HTTP/1.1" 200 121260
0:0:0:0:0:0:0:1 - - [25/May/2016:22:44:47 +0200] "GET /games/new? HTTP/1.1" 500 422
0:0:0:0:0:0:0:1 - - [25/May/2016:22:47:50 +0200] "GET /games HTTP/1.1" 200 1763
0:0:0:0:0:0:0:1 - - [25/May/2016:22:47:51 +0200] "GET /css/main.css HTTP/1.1" 200 88
0:0:0:0:0:0:0:1 - - [25/May/2016:22:47:51 +0200] "GET /css/bootstrap.min.css HTTP/1.1" 200 121260
0:0:0:0:0:0:0:1 - - [25/May/2016:22:47:54 +0200] "GET /games/new? HTTP/1.1" 500 370
0:0:0:0:0:0:0:1 - - [25/May/2016:22:48:55 +0200] "GET /games HTTP/1.1" 200 1763
0:0:0:0:0:0:0:1 - - [25/May/2016:22:48:56 +0200] "GET /css/main.css HTTP/1.1" 200 88
0:0:0:0:0:0:0:1 - - [25/May/2016:22:48:56 +0200] "GET /css/bootstrap.min.css HTTP/1.1" 200 121260
0:0:0:0:0:0:0:1 - - [25/May/2016:22:48:57 +0200] "GET /games/new? HTTP/1.1" 200 2260
0:0:0:0:0:0:0:1 - - [25/May/2016:22:48:57 +0200] "GET /css/main.css HTTP/1.1" 200 88
0:0:0:0:0:0:0:1 - - [25/May/2016:22:48:57 +0200] "GET /css/bootstrap.min.css HTTP/1.1" 200 121260
0:0:0:0:0:0:0:1 - - [25/May/2016:22:49:04 +0200] "POST /games/new? HTTP/1.1" 302 -
0:0:0:0:0:0:0:1 - - [25/May/2016:22:49:04 +0200] "GET /games HTTP/1.1" 200 1948
0:0:0:0:0:0:0:1 - - [25/May/2016:22:49:04 +0200] "GET /css/bootstrap.min.css HTTP/1.1" 200 121260
0:0:0:0:0:0:0:1 - - [25/May/2016:22:49:04 +0200] "GET /css/main.css HTTP/1.1" 200 88
0:0:0:0:0:0:0:1 - - [25/May/2016:22:49:16 +0200] "GET / HTTP/1.1" 200 88
0:0:0:0:0:0:0:1 - - [25/May/2016:22:49:17 +0200] "GET /users HTTP/1.1" 200 1311
0:0:0:0:0:0:0:1 - - [25/May/2016:22:49:17 +0200] "GET /css/main.css HTTP/1.1" 200 88
0:0:0:0:0:0:0:1 - - [25/May/2016:22:49:17 +0200] "GET /css/bootstrap.min.css HTTP/1.1" 200 121260
0:0:0:0:0:0:0:1 - - [25/May/2016:22:49:19 +0200] "GET /games HTTP/1.1" 200 1948
0:0:0:0:0:0:0:1 - - [25/May/2016:22:49:19 +0200] "GET /css/main.css HTTP/1.1" 200 88
0:0:0:0:0:0:0:1 - - [25/May/2016:22:49:19 +0200] "GET /css/bootstrap.min.css HTTP/1.1" 200 121260
0:0:0:0:0:0:0:1 - - [25/May/2016:23:43:49 +0200] "GET /games HTTP/1.1" 500 391
0:0:0:0:0:0:0:1 - - [25/May/2016:23:47:30 +0200] "GET /games HTTP/1.1" 500 390
0:0:0:0:0:0:0:1 - - [25/May/2016:23:48:41 +0200] "GET / HTTP/1.1" 200 88
0:0:0:0:0:0:0:1 - - [25/May/2016:23:48:42 +0200] "GET /users HTTP/1.1" 200 1311
0:0:0:0:0:0:0:1 - - [25/May/2016:23:48:42 +0200] "GET /css/bootstrap.min.css HTTP/1.1" 200 121260
0:0:0:0:0:0:0:1 - - [25/May/2016:23:48:42 +0200] "GET /css/main.css HTTP/1.1" 200 88
0:0:0:0:0:0:0:1 - - [25/May/2016:23:48:43 +0200] "GET /games HTTP/1.1" 200 1847
0:0:0:0:0:0:0:1 - - [25/May/2016:23:48:43 +0200] "GET /css/main.css HTTP/1.1" 200 88
0:0:0:0:0:0:0:1 - - [25/May/2016:23:48:43 +0200] "GET /css/bootstrap.min.css HTTP/1.1" 200 121260
0:0:0:0:0:0:0:1 - - [25/May/2016:23:51:00 +0200] "GET /3/update HTTP/1.1" 200 1796
0:0:0:0:0:0:0:1 - - [25/May/2016:23:51:00 +0200] "GET /css/main.css HTTP/1.1" 200 88
0:0:0:0:0:0:0:1 - - [25/May/2016:23:51:00 +0200] "GET /css/bootstrap.min.css HTTP/1.1" 200 121260
0:0:0:0:0:0:0:1 - - [25/May/2016:23:54:50 +0200] "GET /games HTTP/1.1" 200 1847
0:0:0:0:0:0:0:1 - - [25/May/2016:23:54:50 +0200] "GET /css/main.css HTTP/1.1" 200 88
0:0:0:0:0:0:0:1 - - [25/May/2016:23:54:50 +0200] "GET /css/bootstrap.min.css HTTP/1.1" 200 121260
0:0:0:0:0:0:0:1 - - [25/May/2016:23:55:33 +0200] "GET /1/update HTTP/1.1" 200 1796
0:0:0:0:0:0:0:1 - - [25/May/2016:23:55:33 +0200] "GET /css/bootstrap.min.css HTTP/1.1" 200 121260
0:0:0:0:0:0:0:1 - - [25/May/2016:23:55:33 +0200] "GET /css/main.css HTTP/1.1" 200 88
