0:0:0:0:0:0:0:1 - - [22/May/2016:17:57:59 +0200] "GET / HTTP/1.1" 200 88
0:0:0:0:0:0:0:1 - - [22/May/2016:17:57:59 +0200] "GET /favicon.ico HTTP/1.1" 200 946
0:0:0:0:0:0:0:1 - - [22/May/2016:17:57:59 +0200] "GET /teams HTTP/1.1" 500 438
0:0:0:0:0:0:0:1 - - [22/May/2016:18:05:40 +0200] "GET /teams HTTP/1.1" 500 449
0:0:0:0:0:0:0:1 - - [22/May/2016:18:05:58 +0200] "GET / HTTP/1.1" 200 88
0:0:0:0:0:0:0:1 - - [22/May/2016:18:05:58 +0200] "GET /teams HTTP/1.1" 500 449
0:0:0:0:0:0:0:1 - - [22/May/2016:18:09:07 +0200] "GET /teams HTTP/1.1" 500 442
0:0:0:0:0:0:0:1 - - [22/May/2016:18:15:37 +0200] "GET /teams HTTP/1.1" 500 442
0:0:0:0:0:0:0:1 - - [22/May/2016:18:16:34 +0200] "GET /teams HTTP/1.1" 200 735
0:0:0:0:0:0:0:1 - - [22/May/2016:18:18:10 +0200] "GET /teams HTTP/1.1" 200 735
0:0:0:0:0:0:0:1 - - [22/May/2016:18:18:11 +0200] "GET /favicon.ico HTTP/1.1" 200 946
0:0:0:0:0:0:0:1 - - [22/May/2016:18:18:12 +0200] "GET /teams HTTP/1.1" 200 735
0:0:0:0:0:0:0:1 - - [22/May/2016:18:18:42 +0200] "GET /teams HTTP/1.1" 200 735
0:0:0:0:0:0:0:1 - - [22/May/2016:18:18:46 +0200] "GET /teams HTTP/1.1" 200 735
0:0:0:0:0:0:0:1 - - [22/May/2016:18:21:41 +0200] "GET /teams HTTP/1.1" 200 725
0:0:0:0:0:0:0:1 - - [22/May/2016:18:23:44 +0200] "GET /teams HTTP/1.1" 200 863
0:0:0:0:0:0:0:1 - - [22/May/2016:18:23:44 +0200] "GET /css/main.css HTTP/1.1" 200 88
0:0:0:0:0:0:0:1 - - [22/May/2016:18:23:44 +0200] "GET /css/bootstrap.min.css HTTP/1.1" 200 121260
0:0:0:0:0:0:0:1 - - [22/May/2016:22:46:08 +0200] "GET / HTTP/1.1" 200 88
0:0:0:0:0:0:0:1 - - [22/May/2016:22:46:09 +0200] "GET /teams HTTP/1.1" 200 863
0:0:0:0:0:0:0:1 - - [22/May/2016:22:46:09 +0200] "GET /css/main.css HTTP/1.1" 200 88
0:0:0:0:0:0:0:1 - - [22/May/2016:22:46:09 +0200] "GET /css/bootstrap.min.css HTTP/1.1" 200 121260
0:0:0:0:0:0:0:1 - - [22/May/2016:22:47:18 +0200] "GET /teams HTTP/1.1" 200 863
0:0:0:0:0:0:0:1 - - [22/May/2016:22:47:18 +0200] "GET /css/main.css HTTP/1.1" 200 88
0:0:0:0:0:0:0:1 - - [22/May/2016:22:47:18 +0200] "GET /css/bootstrap.min.css HTTP/1.1" 200 121260
0:0:0:0:0:0:0:1 - - [22/May/2016:22:48:57 +0200] "GET /teams HTTP/1.1" 200 863
0:0:0:0:0:0:0:1 - - [22/May/2016:22:48:57 +0200] "GET /css/main.css HTTP/1.1" 200 88
0:0:0:0:0:0:0:1 - - [22/May/2016:22:48:57 +0200] "GET /css/bootstrap.min.css HTTP/1.1" 200 121260
0:0:0:0:0:0:0:1 - - [22/May/2016:22:51:59 +0200] "GET /teams HTTP/1.1" 200 863
0:0:0:0:0:0:0:1 - - [22/May/2016:22:51:59 +0200] "GET /css/main.css HTTP/1.1" 200 88
0:0:0:0:0:0:0:1 - - [22/May/2016:22:51:59 +0200] "GET /css/bootstrap.min.css HTTP/1.1" 200 121260
0:0:0:0:0:0:0:1 - - [22/May/2016:22:54:43 +0200] "GET /teams HTTP/1.1" 200 863
0:0:0:0:0:0:0:1 - - [22/May/2016:22:54:43 +0200] "GET /css/main.css HTTP/1.1" 200 88
0:0:0:0:0:0:0:1 - - [22/May/2016:22:54:43 +0200] "GET /css/bootstrap.min.css HTTP/1.1" 200 121260
0:0:0:0:0:0:0:1 - - [22/May/2016:23:29:05 +0200] "GET / HTTP/1.1" 200 88
0:0:0:0:0:0:0:1 - - [22/May/2016:23:29:06 +0200] "GET /teams HTTP/1.1" 500 373
0:0:0:0:0:0:0:1 - - [22/May/2016:23:30:17 +0200] "GET /teams HTTP/1.1" 200 1099
0:0:0:0:0:0:0:1 - - [22/May/2016:23:30:17 +0200] "GET /css/main.css HTTP/1.1" 200 88
0:0:0:0:0:0:0:1 - - [22/May/2016:23:30:17 +0200] "GET /css/bootstrap.min.css HTTP/1.1" 200 121260
