0:0:0:0:0:0:0:1 - - [26/May/2016:00:00:04 +0200] "GET / HTTP/1.1" 200 88
0:0:0:0:0:0:0:1 - - [26/May/2016:00:00:05 +0200] "GET /users HTTP/1.1" 200 1311
0:0:0:0:0:0:0:1 - - [26/May/2016:00:00:05 +0200] "GET /css/main.css HTTP/1.1" 200 88
0:0:0:0:0:0:0:1 - - [26/May/2016:00:00:05 +0200] "GET /css/bootstrap.min.css HTTP/1.1" 200 121260
0:0:0:0:0:0:0:1 - - [26/May/2016:00:00:06 +0200] "GET /games HTTP/1.1" 200 1847
0:0:0:0:0:0:0:1 - - [26/May/2016:00:00:07 +0200] "GET /css/main.css HTTP/1.1" 200 88
0:0:0:0:0:0:0:1 - - [26/May/2016:00:00:07 +0200] "GET /css/bootstrap.min.css HTTP/1.1" 200 121260
0:0:0:0:0:0:0:1 - - [26/May/2016:00:00:10 +0200] "GET /1/update HTTP/1.1" 200 1705
0:0:0:0:0:0:0:1 - - [26/May/2016:00:00:10 +0200] "GET /css/bootstrap.min.css HTTP/1.1" 200 121260
0:0:0:0:0:0:0:1 - - [26/May/2016:00:00:10 +0200] "GET /css/main.css HTTP/1.1" 200 88
0:0:0:0:0:0:0:1 - - [26/May/2016:00:01:37 +0200] "GET /1/update HTTP/1.1" 500 430
0:0:0:0:0:0:0:1 - - [26/May/2016:00:01:37 +0200] "GET /favicon.ico HTTP/1.1" 200 946
0:0:0:0:0:0:0:1 - - [26/May/2016:00:04:21 +0200] "GET / HTTP/1.1" 200 88
0:0:0:0:0:0:0:1 - - [26/May/2016:00:04:21 +0200] "GET /users HTTP/1.1" 200 1311
0:0:0:0:0:0:0:1 - - [26/May/2016:00:04:22 +0200] "GET /css/main.css HTTP/1.1" 200 88
0:0:0:0:0:0:0:1 - - [26/May/2016:00:04:22 +0200] "GET /css/bootstrap.min.css HTTP/1.1" 200 121260
0:0:0:0:0:0:0:1 - - [26/May/2016:00:04:23 +0200] "GET /games HTTP/1.1" 200 1847
0:0:0:0:0:0:0:1 - - [26/May/2016:00:04:24 +0200] "GET /css/main.css HTTP/1.1" 200 88
0:0:0:0:0:0:0:1 - - [26/May/2016:00:04:24 +0200] "GET /css/bootstrap.min.css HTTP/1.1" 200 121260
0:0:0:0:0:0:0:1 - - [26/May/2016:00:04:25 +0200] "GET /1/update HTTP/1.1" 500 430
0:0:0:0:0:0:0:1 - - [26/May/2016:00:06:30 +0200] "GET / HTTP/1.1" 200 88
0:0:0:0:0:0:0:1 - - [26/May/2016:00:06:31 +0200] "GET /users HTTP/1.1" 200 1311
0:0:0:0:0:0:0:1 - - [26/May/2016:00:06:31 +0200] "GET /css/bootstrap.min.css HTTP/1.1" 200 121260
0:0:0:0:0:0:0:1 - - [26/May/2016:00:06:31 +0200] "GET /css/main.css HTTP/1.1" 200 88
0:0:0:0:0:0:0:1 - - [26/May/2016:00:06:33 +0200] "GET /games HTTP/1.1" 200 1847
0:0:0:0:0:0:0:1 - - [26/May/2016:00:06:33 +0200] "GET /css/main.css HTTP/1.1" 200 88
0:0:0:0:0:0:0:1 - - [26/May/2016:00:06:33 +0200] "GET /css/bootstrap.min.css HTTP/1.1" 200 121260
0:0:0:0:0:0:0:1 - - [26/May/2016:00:06:36 +0200] "GET /1/update HTTP/1.1" 200 1713
0:0:0:0:0:0:0:1 - - [26/May/2016:00:06:36 +0200] "GET /css/main.css HTTP/1.1" 200 88
0:0:0:0:0:0:0:1 - - [26/May/2016:00:06:36 +0200] "GET /css/bootstrap.min.css HTTP/1.1" 200 121260
0:0:0:0:0:0:0:1 - - [26/May/2016:00:07:30 +0200] "GET /1/update HTTP/1.1" 200 1731
0:0:0:0:0:0:0:1 - - [26/May/2016:00:07:30 +0200] "GET /css/main.css HTTP/1.1" 200 88
0:0:0:0:0:0:0:1 - - [26/May/2016:00:07:30 +0200] "GET /css/bootstrap.min.css HTTP/1.1" 200 121260
0:0:0:0:0:0:0:1 - - [26/May/2016:00:07:31 +0200] "GET /favicon.ico HTTP/1.1" 200 946
0:0:0:0:0:0:0:1 - - [26/May/2016:00:07:38 +0200] "GET /1/update HTTP/1.1" 200 1803
0:0:0:0:0:0:0:1 - - [26/May/2016:00:07:39 +0200] "GET /css/main.css HTTP/1.1" 200 88
0:0:0:0:0:0:0:1 - - [26/May/2016:00:07:39 +0200] "GET /css/bootstrap.min.css HTTP/1.1" 200 121260
0:0:0:0:0:0:0:1 - - [26/May/2016:00:07:39 +0200] "GET /favicon.ico HTTP/1.1" 200 946
0:0:0:0:0:0:0:1 - - [26/May/2016:00:07:46 +0200] "GET /games HTTP/1.1" 200 1847
0:0:0:0:0:0:0:1 - - [26/May/2016:00:07:46 +0200] "GET /css/bootstrap.min.css HTTP/1.1" 200 121260
0:0:0:0:0:0:0:1 - - [26/May/2016:00:07:46 +0200] "GET /css/main.css HTTP/1.1" 200 88
0:0:0:0:0:0:0:1 - - [26/May/2016:00:07:48 +0200] "GET /games/new? HTTP/1.1" 200 2260
0:0:0:0:0:0:0:1 - - [26/May/2016:00:07:48 +0200] "GET /css/main.css HTTP/1.1" 200 88
0:0:0:0:0:0:0:1 - - [26/May/2016:00:07:48 +0200] "GET /css/bootstrap.min.css HTTP/1.1" 200 121260
0:0:0:0:0:0:0:1 - - [26/May/2016:00:07:55 +0200] "GET /1/update HTTP/1.1" 200 1803
0:0:0:0:0:0:0:1 - - [26/May/2016:00:07:55 +0200] "GET /css/bootstrap.min.css HTTP/1.1" 200 121260
0:0:0:0:0:0:0:1 - - [26/May/2016:00:07:55 +0200] "GET /css/main.css HTTP/1.1" 200 88
0:0:0:0:0:0:0:1 - - [26/May/2016:00:08:34 +0200] "GET /1/update HTTP/1.1" 200 1833
0:0:0:0:0:0:0:1 - - [26/May/2016:00:08:34 +0200] "GET /css/bootstrap.min.css HTTP/1.1" 200 121260
0:0:0:0:0:0:0:1 - - [26/May/2016:00:08:34 +0200] "GET /css/main.css HTTP/1.1" 200 88
0:0:0:0:0:0:0:1 - - [26/May/2016:00:08:34 +0200] "GET /favicon.ico HTTP/1.1" 200 946
0:0:0:0:0:0:0:1 - - [26/May/2016:00:08:43 +0200] "GET /game/1/update?gameDay=2016-06-15&host=Austria&hostGoals=2&guest=Romania&guestGoals=5 HTTP/1.1" 200 1833
0:0:0:0:0:0:0:1 - - [26/May/2016:00:08:43 +0200] "GET /css/main.css HTTP/1.1" 200 88
0:0:0:0:0:0:0:1 - - [26/May/2016:00:08:43 +0200] "GET /css/bootstrap.min.css HTTP/1.1" 200 121260
0:0:0:0:0:0:0:1 - - [26/May/2016:00:16:24 +0200] "GET /games HTTP/1.1" 200 1847
0:0:0:0:0:0:0:1 - - [26/May/2016:00:16:24 +0200] "GET /css/main.css HTTP/1.1" 200 88
0:0:0:0:0:0:0:1 - - [26/May/2016:00:16:24 +0200] "GET /css/bootstrap.min.css HTTP/1.1" 200 121260
0:0:0:0:0:0:0:1 - - [26/May/2016:00:16:26 +0200] "GET /games/new? HTTP/1.1" 200 2260
0:0:0:0:0:0:0:1 - - [26/May/2016:00:16:26 +0200] "GET /css/bootstrap.min.css HTTP/1.1" 200 121260
0:0:0:0:0:0:0:1 - - [26/May/2016:00:16:26 +0200] "GET /css/main.css HTTP/1.1" 200 88
0:0:0:0:0:0:0:1 - - [26/May/2016:00:16:32 +0200] "GET /2/update HTTP/1.1" 200 1832
0:0:0:0:0:0:0:1 - - [26/May/2016:00:16:32 +0200] "GET /css/main.css HTTP/1.1" 200 88
0:0:0:0:0:0:0:1 - - [26/May/2016:00:16:32 +0200] "GET /css/bootstrap.min.css HTTP/1.1" 200 121260
0:0:0:0:0:0:0:1 - - [26/May/2016:00:16:39 +0200] "GET /game/2/update?gameDay=2016-06-16&host=Germany&hostGoals=1&guest=France&guestGoals=2 HTTP/1.1" 405 338
0:0:0:0:0:0:0:1 - - [26/May/2016:00:17:07 +0200] "GET / HTTP/1.1" 200 88
0:0:0:0:0:0:0:1 - - [26/May/2016:00:17:07 +0200] "GET /users HTTP/1.1" 200 1311
0:0:0:0:0:0:0:1 - - [26/May/2016:00:17:07 +0200] "GET /css/main.css HTTP/1.1" 200 88
0:0:0:0:0:0:0:1 - - [26/May/2016:00:17:07 +0200] "GET /css/bootstrap.min.css HTTP/1.1" 200 121260
0:0:0:0:0:0:0:1 - - [26/May/2016:00:17:09 +0200] "GET /games HTTP/1.1" 200 1847
0:0:0:0:0:0:0:1 - - [26/May/2016:00:17:09 +0200] "GET /css/main.css HTTP/1.1" 200 88
0:0:0:0:0:0:0:1 - - [26/May/2016:00:17:09 +0200] "GET /css/bootstrap.min.css HTTP/1.1" 200 121260
0:0:0:0:0:0:0:1 - - [26/May/2016:00:17:11 +0200] "GET /2/update HTTP/1.1" 200 1833
0:0:0:0:0:0:0:1 - - [26/May/2016:00:17:11 +0200] "GET /css/bootstrap.min.css HTTP/1.1" 200 121260
0:0:0:0:0:0:0:1 - - [26/May/2016:00:17:11 +0200] "GET /css/main.css HTTP/1.1" 200 88
0:0:0:0:0:0:0:1 - - [26/May/2016:00:17:16 +0200] "POST /game/2/update HTTP/1.1" 200 1792
0:0:0:0:0:0:0:1 - - [26/May/2016:00:17:16 +0200] "GET /css/main.css HTTP/1.1" 200 88
0:0:0:0:0:0:0:1 - - [26/May/2016:00:17:16 +0200] "GET /css/bootstrap.min.css HTTP/1.1" 200 121260
0:0:0:0:0:0:0:1 - - [26/May/2016:00:17:45 +0200] "GET /games HTTP/1.1" 200 1847
0:0:0:0:0:0:0:1 - - [26/May/2016:00:17:45 +0200] "GET /css/main.css HTTP/1.1" 200 88
0:0:0:0:0:0:0:1 - - [26/May/2016:00:17:45 +0200] "GET /css/bootstrap.min.css HTTP/1.1" 200 121260
0:0:0:0:0:0:0:1 - - [26/May/2016:00:17:47 +0200] "GET /2/update HTTP/1.1" 200 1833
0:0:0:0:0:0:0:1 - - [26/May/2016:00:17:47 +0200] "GET /css/main.css HTTP/1.1" 200 88
0:0:0:0:0:0:0:1 - - [26/May/2016:00:17:47 +0200] "GET /css/bootstrap.min.css HTTP/1.1" 200 121260
0:0:0:0:0:0:0:1 - - [26/May/2016:00:18:48 +0200] "POST /game/2/update HTTP/1.1" 200 1792
0:0:0:0:0:0:0:1 - - [26/May/2016:00:18:48 +0200] "GET /css/main.css HTTP/1.1" 200 88
0:0:0:0:0:0:0:1 - - [26/May/2016:00:18:48 +0200] "GET /css/bootstrap.min.css HTTP/1.1" 200 121260
0:0:0:0:0:0:0:1 - - [26/May/2016:00:24:01 +0200] "GET /games HTTP/1.1" 200 1847
0:0:0:0:0:0:0:1 - - [26/May/2016:00:24:01 +0200] "GET /css/main.css HTTP/1.1" 200 88
0:0:0:0:0:0:0:1 - - [26/May/2016:00:24:01 +0200] "GET /css/bootstrap.min.css HTTP/1.1" 200 121260
0:0:0:0:0:0:0:1 - - [26/May/2016:00:24:09 +0200] "GET /2/update HTTP/1.1" 200 1832
0:0:0:0:0:0:0:1 - - [26/May/2016:00:24:09 +0200] "GET /css/main.css HTTP/1.1" 200 88
0:0:0:0:0:0:0:1 - - [26/May/2016:00:24:09 +0200] "GET /css/bootstrap.min.css HTTP/1.1" 200 121260
0:0:0:0:0:0:0:1 - - [26/May/2016:00:24:48 +0200] "GET /game/2/update?gameDay=2016-06-16&host=Germany&hostGoals=3&guest=France&guestGoals=2 HTTP/1.1" 302 -
0:0:0:0:0:0:0:1 - - [26/May/2016:00:24:48 +0200] "GET /games HTTP/1.1" 200 1847
0:0:0:0:0:0:0:1 - - [26/May/2016:00:24:48 +0200] "GET /css/bootstrap.min.css HTTP/1.1" 200 121260
0:0:0:0:0:0:0:1 - - [26/May/2016:00:24:48 +0200] "GET /css/main.css HTTP/1.1" 200 88
0:0:0:0:0:0:0:1 - - [26/May/2016:01:09:19 +0200] "GET /games HTTP/1.1" 200 1982
0:0:0:0:0:0:0:1 - - [26/May/2016:01:09:19 +0200] "GET /css/main.css HTTP/1.1" 200 88
0:0:0:0:0:0:0:1 - - [26/May/2016:01:09:19 +0200] "GET /css/bootstrap.min.css HTTP/1.1" 200 121260
0:0:0:0:0:0:0:1 - - [26/May/2016:01:09:20 +0200] "GET /favicon.ico HTTP/1.1" 200 946
0:0:0:0:0:0:0:1 - - [26/May/2016:01:10:34 +0200] "GET /games HTTP/1.1" 200 2117
0:0:0:0:0:0:0:1 - - [26/May/2016:01:10:34 +0200] "GET /css/main.css HTTP/1.1" 200 88
0:0:0:0:0:0:0:1 - - [26/May/2016:01:10:34 +0200] "GET /css/bootstrap.min.css HTTP/1.1" 200 121260
0:0:0:0:0:0:0:1 - - [26/May/2016:01:10:35 +0200] "GET /favicon.ico HTTP/1.1" 200 946
0:0:0:0:0:0:0:1 - - [26/May/2016:01:10:45 +0200] "GET /games HTTP/1.1" 200 2111
0:0:0:0:0:0:0:1 - - [26/May/2016:01:10:45 +0200] "GET /css/bootstrap.min.css HTTP/1.1" 200 121260
0:0:0:0:0:0:0:1 - - [26/May/2016:01:10:45 +0200] "GET /css/main.css HTTP/1.1" 200 88
0:0:0:0:0:0:0:1 - - [26/May/2016:01:10:45 +0200] "GET /favicon.ico HTTP/1.1" 200 946
0:0:0:0:0:0:0:1 - - [26/May/2016:01:11:15 +0200] "GET /games HTTP/1.1" 200 2129
0:0:0:0:0:0:0:1 - - [26/May/2016:01:11:15 +0200] "GET /css/main.css HTTP/1.1" 200 88
0:0:0:0:0:0:0:1 - - [26/May/2016:01:11:15 +0200] "GET /css/bootstrap.min.css HTTP/1.1" 200 121260
0:0:0:0:0:0:0:1 - - [26/May/2016:01:11:15 +0200] "GET /favicon.ico HTTP/1.1" 200 946
0:0:0:0:0:0:0:1 - - [26/May/2016:01:12:43 +0200] "GET /games HTTP/1.1" 500 407
0:0:0:0:0:0:0:1 - - [26/May/2016:01:12:43 +0200] "GET /favicon.ico HTTP/1.1" 200 946
0:0:0:0:0:0:0:1 - - [26/May/2016:01:12:51 +0200] "GET /css/main.css HTTP/1.1" 200 88
0:0:0:0:0:0:0:1 - - [26/May/2016:01:12:51 +0200] "GET /css/bootstrap.min.css HTTP/1.1" 200 121260
0:0:0:0:0:0:0:1 - - [26/May/2016:01:13:28 +0200] "GET /games HTTP/1.1" 500 429
0:0:0:0:0:0:0:1 - - [26/May/2016:01:14:22 +0200] "GET /games HTTP/1.1" 200 2138
0:0:0:0:0:0:0:1 - - [26/May/2016:01:14:22 +0200] "GET /css/main.css HTTP/1.1" 200 88
0:0:0:0:0:0:0:1 - - [26/May/2016:01:14:22 +0200] "GET /css/bootstrap.min.css HTTP/1.1" 200 121260
0:0:0:0:0:0:0:1 - - [26/May/2016:01:14:48 +0200] "GET /games HTTP/1.1" 500 375
0:0:0:0:0:0:0:1 - - [26/May/2016:01:14:48 +0200] "GET /favicon.ico HTTP/1.1" 200 946
0:0:0:0:0:0:0:1 - - [26/May/2016:01:15:03 +0200] "GET /games HTTP/1.1" 500 391
0:0:0:0:0:0:0:1 - - [26/May/2016:01:15:03 +0200] "GET /favicon.ico HTTP/1.1" 200 946
0:0:0:0:0:0:0:1 - - [26/May/2016:01:15:08 +0200] "GET /games HTTP/1.1" 500 391
0:0:0:0:0:0:0:1 - - [26/May/2016:01:15:09 +0200] "GET /favicon.ico HTTP/1.1" 200 946
0:0:0:0:0:0:0:1 - - [26/May/2016:01:15:19 +0200] "GET /games HTTP/1.1" 200 2138
0:0:0:0:0:0:0:1 - - [26/May/2016:01:15:20 +0200] "GET /css/bootstrap.min.css HTTP/1.1" 200 121260
0:0:0:0:0:0:0:1 - - [26/May/2016:01:15:20 +0200] "GET /css/main.css HTTP/1.1" 200 88
0:0:0:0:0:0:0:1 - - [26/May/2016:01:15:20 +0200] "GET /favicon.ico HTTP/1.1" 200 946
